This file contains any messages produced by compilers while
running configure, to aid debugging if configure makes a mistake.

It was created by spice-protocol configure 0.12.6, which was
generated by GNU Autoconf 2.69.  Invocation command line was

  $ ./configure --disable-option-checking --prefix=/usr/i686-w64-mingw32/sys-root/mingw --host=i686-w64-mingw32 --build=i686-redhat-linux-gnu --target=i686-w64-mingw32 --exec-prefix=/usr/i686-w64-mingw32/sys-root/mingw --bindir=/usr/i686-w64-mingw32/sys-root/mingw/bin --sbindir=/usr/i686-w64-mingw32/sys-root/mingw/sbin --sysconfdir=/usr/i686-w64-mingw32/sys-root/mingw/etc --datadir=/usr/i686-w64-mingw32/sys-root/mingw/share --includedir=/usr/i686-w64-mingw32/sys-root/mingw/include --libdir=/usr/i686-w64-mingw32/sys-root/mingw/lib --libexecdir=/usr/i686-w64-mingw32/sys-root/mingw/libexec --localstatedir=/usr/i686-w64-mingw32/sys-root/mingw/var --sharedstatedir=/usr/i686-w64-mingw32/sys-root/mingw/com --mandir=/usr/i686-w64-mingw32/sys-root/mingw/share/man --infodir=/usr/i686-w64-mingw32/sys-root/mingw/share/info build_alias=i686-redhat-linux-gnu host_alias=i686-w64-mingw32 target_alias=i686-w64-mingw32 CC=i686-w64-mingw32-gcc CFLAGS= -O2 -g -pipe -Wall -Wp,-D_FORTIFY_SOURCE=2 -fexceptions --param=ssp-buffer-size=4 LDFLAGS= CPPFLAGS= CPP=/usr/bin/i686-w64-mingw32-cpp PKG_CONFIG=/usr/bin/i686-w64-mingw32-pkg-config --cache-file=/dev/null --srcdir=.

## --------- ##
## Platform. ##
## --------- ##

hostname = localhost.localdomain
uname -m = i686
uname -r = 3.11.10-301.fc20.i686
uname -s = Linux
uname -v = #1 SMP Thu Dec 5 14:21:31 UTC 2013

/usr/bin/uname -p = i686
/bin/uname -X     = unknown

/bin/arch              = i686
/usr/bin/arch -k       = unknown
/usr/convex/getsysinfo = unknown
/usr/bin/hostinfo      = unknown
/bin/machine           = unknown
/usr/bin/oslevel       = unknown
/bin/universe          = unknown

PATH: /usr/i686-w64-mingw32/sys-root/mingw/bin
PATH: /usr/local/sbin
PATH: /usr/local/bin
PATH: /usr/sbin
PATH: /usr/bin
PATH: /root/bin


## ----------- ##
## Core tests. ##
## ----------- ##

configure:1761: checking for a BSD-compatible install
configure:1829: result: /usr/bin/install -c
configure:1840: checking whether build environment is sane
configure:1895: result: yes
configure:1954: checking for i686-w64-mingw32-strip
configure:1981: result: /usr/bin/i686-w64-mingw32-strip
configure:2046: checking for a thread-safe mkdir -p
configure:2085: result: /usr/bin/mkdir -p
configure:2092: checking for gawk
configure:2108: found /usr/bin/gawk
configure:2119: result: gawk
configure:2130: checking whether make sets $(MAKE)
configure:2152: result: yes
configure:2181: checking whether make supports nested variables
configure:2198: result: yes
configure:2324: checking whether to enable maintainer-specific portions of Makefiles
configure:2333: result: no
configure:2358: checking whether make supports nested variables
configure:2375: result: yes
configure:2497: checking that generated files are newer than configure
configure:2503: result: done
configure:2515: creating ./config.status

## ---------------------- ##
## Running config.status. ##
## ---------------------- ##

This file was extended by spice-protocol config.status 0.12.6, which was
generated by GNU Autoconf 2.69.  Invocation command line was

  CONFIG_FILES    = 
  CONFIG_HEADERS  = 
  CONFIG_LINKS    = 
  CONFIG_COMMANDS = 
  $ ./config.status 

on localhost.localdomain

config.status:814: creating Makefile
config.status:814: creating spice-protocol.pc
config.status:814: creating spice/Makefile
config.status:814: creating config.h
config.status:995: config.h is unchanged

## ---------------- ##
## Cache variables. ##
## ---------------- ##

ac_cv_env_build_alias_set=set
ac_cv_env_build_alias_value=i686-redhat-linux-gnu
ac_cv_env_host_alias_set=set
ac_cv_env_host_alias_value=i686-w64-mingw32
ac_cv_env_target_alias_set=set
ac_cv_env_target_alias_value=i686-w64-mingw32
ac_cv_path_install='/usr/bin/install -c'
ac_cv_path_mkdir=/usr/bin/mkdir
ac_cv_prog_AWK=gawk
ac_cv_prog_STRIP=/usr/bin/i686-w64-mingw32-strip
ac_cv_prog_make_make_set=yes
am_cv_make_support_nested_variables=yes

## ----------------- ##
## Output variables. ##
## ----------------- ##

ACLOCAL='${SHELL} /root/myjob/source/spice-gtk-0.26/spice-common/spice-protocol/missing aclocal-1.14'
AMTAR='$${TAR-tar}'
AM_BACKSLASH='\'
AM_DEFAULT_V='$(AM_DEFAULT_VERBOSITY)'
AM_DEFAULT_VERBOSITY='0'
AM_V='$(V)'
AUTOCONF='${SHELL} /root/myjob/source/spice-gtk-0.26/spice-common/spice-protocol/missing autoconf'
AUTOHEADER='${SHELL} /root/myjob/source/spice-gtk-0.26/spice-common/spice-protocol/missing autoheader'
AUTOMAKE='${SHELL} /root/myjob/source/spice-gtk-0.26/spice-common/spice-protocol/missing automake-1.14'
AWK='gawk'
CYGPATH_W='echo'
DEFS='-DHAVE_CONFIG_H'
ECHO_C=''
ECHO_N='-n'
ECHO_T=''
INSTALL_DATA='${INSTALL} -m 644'
INSTALL_PROGRAM='${INSTALL}'
INSTALL_SCRIPT='${INSTALL}'
INSTALL_STRIP_PROGRAM='$(install_sh) -c -s'
LIBOBJS=''
LIBS=''
LTLIBOBJS=''
MAINT='#'
MAINTAINER_MODE_FALSE=''
MAINTAINER_MODE_TRUE='#'
MAKEINFO='${SHELL} /root/myjob/source/spice-gtk-0.26/spice-common/spice-protocol/missing makeinfo'
MKDIR_P='/usr/bin/mkdir -p'
PACKAGE='spice-protocol'
PACKAGE_BUGREPORT=''
PACKAGE_NAME='spice-protocol'
PACKAGE_STRING='spice-protocol 0.12.6'
PACKAGE_TARNAME='spice-protocol'
PACKAGE_URL=''
PACKAGE_VERSION='0.12.6'
PATH_SEPARATOR=':'
SET_MAKE=''
SHELL='/bin/sh'
STRIP='/usr/bin/i686-w64-mingw32-strip'
VERSION='0.12.6'
am__isrc=''
am__leading_dot='.'
am__tar='$${TAR-tar} chof - "$$tardir"'
am__untar='$${TAR-tar} xf -'
bindir='/usr/i686-w64-mingw32/sys-root/mingw/bin'
build_alias='i686-redhat-linux-gnu'
datadir='/usr/i686-w64-mingw32/sys-root/mingw/share'
datarootdir='${prefix}/share'
docdir='${datarootdir}/doc/${PACKAGE_TARNAME}'
dvidir='${docdir}'
exec_prefix='/usr/i686-w64-mingw32/sys-root/mingw'
host_alias='i686-w64-mingw32'
htmldir='${docdir}'
includedir='/usr/i686-w64-mingw32/sys-root/mingw/include'
infodir='/usr/i686-w64-mingw32/sys-root/mingw/share/info'
install_sh='${SHELL} /root/myjob/source/spice-gtk-0.26/spice-common/spice-protocol/install-sh'
libdir='/usr/i686-w64-mingw32/sys-root/mingw/lib'
libexecdir='/usr/i686-w64-mingw32/sys-root/mingw/libexec'
localedir='${datarootdir}/locale'
localstatedir='/usr/i686-w64-mingw32/sys-root/mingw/var'
mandir='/usr/i686-w64-mingw32/sys-root/mingw/share/man'
mkdir_p='$(MKDIR_P)'
oldincludedir='/usr/include'
pdfdir='${docdir}'
prefix='/usr/i686-w64-mingw32/sys-root/mingw'
program_transform_name='s,x,x,'
psdir='${docdir}'
sbindir='/usr/i686-w64-mingw32/sys-root/mingw/sbin'
sharedstatedir='/usr/i686-w64-mingw32/sys-root/mingw/com'
sysconfdir='/usr/i686-w64-mingw32/sys-root/mingw/etc'
target_alias='i686-w64-mingw32'

## ----------- ##
## confdefs.h. ##
## ----------- ##

/* confdefs.h */
#define PACKAGE_NAME "spice-protocol"
#define PACKAGE_TARNAME "spice-protocol"
#define PACKAGE_VERSION "0.12.6"
#define PACKAGE_STRING "spice-protocol 0.12.6"
#define PACKAGE_BUGREPORT ""
#define PACKAGE_URL ""
#define PACKAGE "spice-protocol"
#define VERSION "0.12.6"

configure: exit 0
