This file contains any messages produced by compilers while
running configure, to aid debugging if configure makes a mistake.

It was created by spice configure 0.12.5, which was
generated by GNU Autoconf 2.69.  Invocation command line was

  $ ./configure --prefix=/home/lichenxiang/opt/

## --------- ##
## Platform. ##
## --------- ##

hostname = Host10-6.zhicloud
uname -m = x86_64
uname -r = 2.6.32-504.30.3.el6.x86_64
uname -s = Linux
uname -v = #1 SMP Wed Jul 15 10:13:09 UTC 2015

/usr/bin/uname -p = unknown
/bin/uname -X     = unknown

/bin/arch              = x86_64
/usr/bin/arch -k       = unknown
/usr/convex/getsysinfo = unknown
/usr/bin/hostinfo      = unknown
/bin/machine           = unknown
/usr/bin/oslevel       = unknown
/bin/universe          = unknown

PATH: /usr/local/sbin
PATH: /usr/local/bin
PATH: /sbin
PATH: /bin
PATH: /usr/sbin
PATH: /usr/bin
PATH: /root/bin


## ----------- ##
## Core tests. ##
## ----------- ##

configure:2684: checking for gcc
configure:2700: found /usr/bin/gcc
configure:2711: result: gcc
configure:2940: checking for C compiler version
configure:2949: gcc --version >&5
gcc (GCC) 4.4.7 20120313 (Red Hat 4.4.7-11)
Copyright (C) 2010 Free Software Foundation, Inc.
This is free software; see the source for copying conditions.  There is NO
warranty; not even for MERCHANTABILITY or FITNESS FOR A PARTICULAR PURPOSE.

configure:2960: $? = 0
configure:2949: gcc -v >&5
Using built-in specs.
Target: x86_64-redhat-linux
Configured with: ../configure --prefix=/usr --mandir=/usr/share/man --infodir=/usr/share/info --with-bugurl=http://bugzilla.redhat.com/bugzilla --enable-bootstrap --enable-shared --enable-threads=posix --enable-checking=release --with-system-zlib --enable-__cxa_atexit --disable-libunwind-exceptions --enable-gnu-unique-object --enable-languages=c,c++,objc,obj-c++,java,fortran,ada --enable-java-awt=gtk --disable-dssi --with-java-home=/usr/lib/jvm/java-1.5.0-gcj-1.5.0.0/jre --enable-libgcj-multifile --enable-java-maintainer-mode --with-ecj-jar=/usr/share/java/eclipse-ecj.jar --disable-libjava-multilib --with-ppl --with-cloog --with-tune=generic --with-arch_32=i686 --build=x86_64-redhat-linux
Thread model: posix
gcc version 4.4.7 20120313 (Red Hat 4.4.7-11) (GCC) 
configure:2960: $? = 0
configure:2949: gcc -V >&5
gcc: '-V' option must have argument
configure:2960: $? = 1
configure:2949: gcc -qversion >&5
gcc: unrecognized option '-qversion'
gcc: no input files
configure:2960: $? = 1
configure:2980: checking whether the C compiler works
configure:3002: gcc    conftest.c  >&5
configure:3006: $? = 0
configure:3054: result: yes
configure:3057: checking for C compiler default output file name
configure:3059: result: a.out
configure:3065: checking for suffix of executables
configure:3072: gcc -o conftest    conftest.c  >&5
configure:3076: $? = 0
configure:3098: result: 
configure:3120: checking whether we are cross compiling
configure:3128: gcc -o conftest    conftest.c  >&5
configure:3132: $? = 0
configure:3139: ./conftest
configure:3143: $? = 0
configure:3158: result: no
configure:3163: checking for suffix of object files
configure:3185: gcc -c   conftest.c >&5
configure:3189: $? = 0
configure:3210: result: o
configure:3214: checking whether we are using the GNU C compiler
configure:3233: gcc -c   conftest.c >&5
configure:3233: $? = 0
configure:3242: result: yes
configure:3251: checking whether gcc accepts -g
configure:3271: gcc -c -g  conftest.c >&5
configure:3271: $? = 0
configure:3312: result: yes
configure:3329: checking for gcc option to accept ISO C89
configure:3392: gcc  -c -g -O2  conftest.c >&5
configure:3392: $? = 0
configure:3405: result: none needed
configure:3430: checking whether gcc understands -c and -o together
configure:3452: gcc -c conftest.c -o conftest2.o
configure:3455: $? = 0
configure:3452: gcc -c conftest.c -o conftest2.o
configure:3455: $? = 0
configure:3467: result: yes
configure:3534: checking for ar
configure:3550: found /usr/bin/ar
configure:3561: result: ar
configure:3587: checking the archiver (ar) interface
configure:3603: gcc -c -g -O2  conftest.c >&5
configure:3603: $? = 0
configure:3605: ar cru libconftest.a conftest.o >&5
configure:3608: $? = 0
configure:3636: result: ar
configure:3673: checking for a BSD-compatible install
configure:3741: result: /usr/bin/install -c
configure:3752: checking whether build environment is sane
configure:3807: result: yes
configure:3955: checking for a thread-safe mkdir -p
configure:3994: result: /bin/mkdir -p
configure:4001: checking for gawk
configure:4017: found /bin/gawk
configure:4028: result: gawk
configure:4039: checking whether make sets $(MAKE)
configure:4061: result: yes
configure:4091: checking for style of include used by make
configure:4119: result: GNU
configure:4153: checking whether make supports nested variables
configure:4170: result: yes
configure:4255: checking dependency style of gcc
configure:4366: result: gcc3
configure:4424: checking whether to enable maintainer-specific portions of Makefiles
configure:4433: result: no
configure:4495: checking for gcc
configure:4522: result: gcc
configure:4751: checking for C compiler version
configure:4760: gcc --version >&5
gcc (GCC) 4.4.7 20120313 (Red Hat 4.4.7-11)
Copyright (C) 2010 Free Software Foundation, Inc.
This is free software; see the source for copying conditions.  There is NO
warranty; not even for MERCHANTABILITY or FITNESS FOR A PARTICULAR PURPOSE.

configure:4771: $? = 0
configure:4760: gcc -v >&5
Using built-in specs.
Target: x86_64-redhat-linux
Configured with: ../configure --prefix=/usr --mandir=/usr/share/man --infodir=/usr/share/info --with-bugurl=http://bugzilla.redhat.com/bugzilla --enable-bootstrap --enable-shared --enable-threads=posix --enable-checking=release --with-system-zlib --enable-__cxa_atexit --disable-libunwind-exceptions --enable-gnu-unique-object --enable-languages=c,c++,objc,obj-c++,java,fortran,ada --enable-java-awt=gtk --disable-dssi --with-java-home=/usr/lib/jvm/java-1.5.0-gcj-1.5.0.0/jre --enable-libgcj-multifile --enable-java-maintainer-mode --with-ecj-jar=/usr/share/java/eclipse-ecj.jar --disable-libjava-multilib --with-ppl --with-cloog --with-tune=generic --with-arch_32=i686 --build=x86_64-redhat-linux
Thread model: posix
gcc version 4.4.7 20120313 (Red Hat 4.4.7-11) (GCC) 
configure:4771: $? = 0
configure:4760: gcc -V >&5
gcc: '-V' option must have argument
configure:4771: $? = 1
configure:4760: gcc -qversion >&5
gcc: unrecognized option '-qversion'
gcc: no input files
configure:4771: $? = 1
configure:4775: checking whether we are using the GNU C compiler
configure:4803: result: yes
configure:4812: checking whether gcc accepts -g
configure:4873: result: yes
configure:4890: checking for gcc option to accept ISO C89
configure:4966: result: none needed
configure:4991: checking whether gcc understands -c and -o together
configure:5028: result: yes
configure:5045: checking for gcc option to accept ISO C99
configure:5194: gcc  -c -g -O2  conftest.c >&5
conftest.c:61: error: expected ';', ',' or ')' before 'text'
conftest.c: In function 'main':
conftest.c:115: error: expected '=', ',', ';', 'asm' or '__attribute__' before 'newvar'
conftest.c:115: error: 'newvar' undeclared (first use in this function)
conftest.c:115: error: (Each undeclared identifier is reported only once
conftest.c:115: error: for each function it appears in.)
conftest.c:125: error: 'for' loop initial declarations are only allowed in C99 mode
conftest.c:125: note: use option -std=c99 or -std=gnu99 to compile your code
configure:5194: $? = 1
configure: failed program was:
| /* confdefs.h */
| #define PACKAGE_NAME "spice"
| #define PACKAGE_TARNAME "spice"
| #define PACKAGE_VERSION "0.12.5"
| #define PACKAGE_STRING "spice 0.12.5"
| #define PACKAGE_BUGREPORT "spice-devel@lists.freedesktop.org"
| #define PACKAGE_URL ""
| #define PACKAGE "spice"
| #define VERSION "0.12.5"
| /* end confdefs.h.  */
| #include <stdarg.h>
| #include <stdbool.h>
| #include <stdlib.h>
| #include <wchar.h>
| #include <stdio.h>
| 
| // Check varargs macros.  These examples are taken from C99 6.10.3.5.
| #define debug(...) fprintf (stderr, __VA_ARGS__)
| #define showlist(...) puts (#__VA_ARGS__)
| #define report(test,...) ((test) ? puts (#test) : printf (__VA_ARGS__))
| static void
| test_varargs_macros (void)
| {
|   int x = 1234;
|   int y = 5678;
|   debug ("Flag");
|   debug ("X = %d\n", x);
|   showlist (The first, second, and third items.);
|   report (x>y, "x is %d but y is %d", x, y);
| }
| 
| // Check long long types.
| #define BIG64 18446744073709551615ull
| #define BIG32 4294967295ul
| #define BIG_OK (BIG64 / BIG32 == 4294967297ull && BIG64 % BIG32 == 0)
| #if !BIG_OK
|   your preprocessor is broken;
| #endif
| #if BIG_OK
| #else
|   your preprocessor is broken;
| #endif
| static long long int bignum = -9223372036854775807LL;
| static unsigned long long int ubignum = BIG64;
| 
| struct incomplete_array
| {
|   int datasize;
|   double data[];
| };
| 
| struct named_init {
|   int number;
|   const wchar_t *name;
|   double average;
| };
| 
| typedef const char *ccp;
| 
| static inline int
| test_restrict (ccp restrict text)
| {
|   // See if C++-style comments work.
|   // Iterate through items via the restricted pointer.
|   // Also check for declarations in for loops.
|   for (unsigned int i = 0; *(text+i) != '\0'; ++i)
|     continue;
|   return 0;
| }
| 
| // Check varargs and va_copy.
| static void
| test_varargs (const char *format, ...)
| {
|   va_list args;
|   va_start (args, format);
|   va_list args_copy;
|   va_copy (args_copy, args);
| 
|   const char *str;
|   int number;
|   float fnumber;
| 
|   while (*format)
|     {
|       switch (*format++)
| 	{
| 	case 's': // string
| 	  str = va_arg (args_copy, const char *);
| 	  break;
| 	case 'd': // int
| 	  number = va_arg (args_copy, int);
| 	  break;
| 	case 'f': // float
| 	  fnumber = va_arg (args_copy, double);
| 	  break;
| 	default:
| 	  break;
| 	}
|     }
|   va_end (args_copy);
|   va_end (args);
| }
| 
| int
| main ()
| {
| 
|   // Check bool.
|   _Bool success = false;
| 
|   // Check restrict.
|   if (test_restrict ("String literal") == 0)
|     success = true;
|   char *restrict newvar = "Another string";
| 
|   // Check varargs.
|   test_varargs ("s, d' f .", "string", 65, 34.234);
|   test_varargs_macros ();
| 
|   // Check flexible array members.
|   struct incomplete_array *ia =
|     malloc (sizeof (struct incomplete_array) + (sizeof (double) * 10));
|   ia->datasize = 10;
|   for (int i = 0; i < ia->datasize; ++i)
|     ia->data[i] = i * 1.234;
| 
|   // Check named initializers.
|   struct named_init ni = {
|     .number = 34,
|     .name = L"Test wide string",
|     .average = 543.34343,
|   };
| 
|   ni.number = 58;
| 
|   int dynamic_array[ni.number];
|   dynamic_array[ni.number - 1] = 543;
| 
|   // work around unused variable warnings
|   return (!success || bignum == 0LL || ubignum == 0uLL || newvar[0] == 'x'
| 	  || dynamic_array[ni.number - 1] != 543);
| 
|   ;
|   return 0;
| }
configure:5194: gcc -std=gnu99 -c -g -O2  conftest.c >&5
configure:5194: $? = 0
configure:5214: result: -std=gnu99
configure:5283: checking for g++
configure:5299: found /usr/bin/g++
configure:5310: result: g++
configure:5337: checking for C++ compiler version
configure:5346: g++ --version >&5
g++ (GCC) 4.4.7 20120313 (Red Hat 4.4.7-11)
Copyright (C) 2010 Free Software Foundation, Inc.
This is free software; see the source for copying conditions.  There is NO
warranty; not even for MERCHANTABILITY or FITNESS FOR A PARTICULAR PURPOSE.

configure:5357: $? = 0
configure:5346: g++ -v >&5
Using built-in specs.
Target: x86_64-redhat-linux
Configured with: ../configure --prefix=/usr --mandir=/usr/share/man --infodir=/usr/share/info --with-bugurl=http://bugzilla.redhat.com/bugzilla --enable-bootstrap --enable-shared --enable-threads=posix --enable-checking=release --with-system-zlib --enable-__cxa_atexit --disable-libunwind-exceptions --enable-gnu-unique-object --enable-languages=c,c++,objc,obj-c++,java,fortran,ada --enable-java-awt=gtk --disable-dssi --with-java-home=/usr/lib/jvm/java-1.5.0-gcj-1.5.0.0/jre --enable-libgcj-multifile --enable-java-maintainer-mode --with-ecj-jar=/usr/share/java/eclipse-ecj.jar --disable-libjava-multilib --with-ppl --with-cloog --with-tune=generic --with-arch_32=i686 --build=x86_64-redhat-linux
Thread model: posix
gcc version 4.4.7 20120313 (Red Hat 4.4.7-11) (GCC) 
configure:5357: $? = 0
configure:5346: g++ -V >&5
g++: '-V' option must have argument
configure:5357: $? = 1
configure:5346: g++ -qversion >&5
g++: unrecognized option '-qversion'
g++: no input files
configure:5357: $? = 1
configure:5361: checking whether we are using the GNU C++ compiler
configure:5380: g++ -c   conftest.cpp >&5
configure:5380: $? = 0
configure:5389: result: yes
configure:5398: checking whether g++ accepts -g
configure:5418: g++ -c -g  conftest.cpp >&5
configure:5418: $? = 0
configure:5459: result: yes
configure:5484: checking dependency style of g++
configure:5595: result: gcc3
configure:5615: checking build system type
configure:5629: result: x86_64-unknown-linux-gnu
configure:5649: checking host system type
configure:5662: result: x86_64-unknown-linux-gnu
configure:5728: checking how to print strings
configure:5755: result: printf
configure:5776: checking for a sed that does not truncate output
configure:5840: result: /bin/sed
configure:5858: checking for grep that handles long lines and -e
configure:5916: result: /bin/grep
configure:5921: checking for egrep
configure:5983: result: /bin/grep -E
configure:5988: checking for fgrep
configure:6050: result: /bin/grep -F
configure:6085: checking for ld used by gcc -std=gnu99
configure:6152: result: /usr/bin/ld
configure:6159: checking if the linker (/usr/bin/ld) is GNU ld
configure:6174: result: yes
configure:6186: checking for BSD- or MS-compatible name lister (nm)
configure:6235: result: /usr/bin/nm -B
configure:6365: checking the name lister (/usr/bin/nm -B) interface
configure:6372: gcc -std=gnu99 -c -g -O2  conftest.c >&5
configure:6375: /usr/bin/nm -B "conftest.o"
configure:6378: output
0000000000000000 B some_variable
configure:6385: result: BSD nm
configure:6388: checking whether ln -s works
configure:6392: result: yes
configure:6400: checking the maximum length of command line arguments
configure:6530: result: 1966080
configure:6547: checking whether the shell understands some XSI constructs
configure:6557: result: yes
configure:6561: checking whether the shell understands "+="
configure:6567: result: yes
configure:6602: checking how to convert x86_64-unknown-linux-gnu file names to x86_64-unknown-linux-gnu format
configure:6642: result: func_convert_file_noop
configure:6649: checking how to convert x86_64-unknown-linux-gnu file names to toolchain format
configure:6669: result: func_convert_file_noop
configure:6676: checking for /usr/bin/ld option to reload object files
configure:6683: result: -r
configure:6757: checking for objdump
configure:6773: found /usr/bin/objdump
configure:6784: result: objdump
configure:6816: checking how to recognize dependent libraries
configure:7018: result: pass_all
configure:7103: checking for dlltool
configure:7133: result: no
configure:7163: checking how to associate runtime and link libraries
configure:7190: result: printf %s\n
configure:7314: checking for archiver @FILE support
configure:7331: gcc -std=gnu99 -c -g -O2  conftest.c >&5
configure:7331: $? = 0
configure:7334: ar cru libconftest.a @conftest.lst >&5
configure:7337: $? = 0
configure:7342: ar cru libconftest.a @conftest.lst >&5
ar: conftest.o: No such file or directory
configure:7345: $? = 1
configure:7357: result: @
configure:7415: checking for strip
configure:7431: found /usr/bin/strip
configure:7442: result: strip
configure:7514: checking for ranlib
configure:7530: found /usr/bin/ranlib
configure:7541: result: ranlib
configure:7643: checking command to parse /usr/bin/nm -B output from gcc -std=gnu99 object
configure:7763: gcc -std=gnu99 -c -g -O2  conftest.c >&5
configure:7766: $? = 0
configure:7770: /usr/bin/nm -B conftest.o \| sed -n -e 's/^.*[ ]\([ABCDGIRSTW][ABCDGIRSTW]*\)[ ][ ]*\([_A-Za-z][_A-Za-z0-9]*\)$/\1 \2 \2/p' | sed '/ __gnu_lto/d' \> conftest.nm
configure:7773: $? = 0
configure:7839: gcc -std=gnu99 -o conftest -g -O2   conftest.c conftstm.o >&5
configure:7842: $? = 0
configure:7880: result: ok
configure:7917: checking for sysroot
configure:7947: result: no
configure:8024: gcc -std=gnu99 -c -g -O2  conftest.c >&5
configure:8027: $? = 0
configure:8209: checking for mt
configure:8239: result: no
configure:8259: checking if : is a manifest tool
configure:8265: : '-?'
configure:8273: result: no
configure:8915: checking how to run the C preprocessor
configure:8946: gcc -std=gnu99 -E  conftest.c
configure:8946: $? = 0
configure:8960: gcc -std=gnu99 -E  conftest.c
conftest.c:11:28: error: ac_nonexistent.h: No such file or directory
configure:8960: $? = 1
configure: failed program was:
| /* confdefs.h */
| #define PACKAGE_NAME "spice"
| #define PACKAGE_TARNAME "spice"
| #define PACKAGE_VERSION "0.12.5"
| #define PACKAGE_STRING "spice 0.12.5"
| #define PACKAGE_BUGREPORT "spice-devel@lists.freedesktop.org"
| #define PACKAGE_URL ""
| #define PACKAGE "spice"
| #define VERSION "0.12.5"
| /* end confdefs.h.  */
| #include <ac_nonexistent.h>
configure:8985: result: gcc -std=gnu99 -E
configure:9005: gcc -std=gnu99 -E  conftest.c
configure:9005: $? = 0
configure:9019: gcc -std=gnu99 -E  conftest.c
conftest.c:11:28: error: ac_nonexistent.h: No such file or directory
configure:9019: $? = 1
configure: failed program was:
| /* confdefs.h */
| #define PACKAGE_NAME "spice"
| #define PACKAGE_TARNAME "spice"
| #define PACKAGE_VERSION "0.12.5"
| #define PACKAGE_STRING "spice 0.12.5"
| #define PACKAGE_BUGREPORT "spice-devel@lists.freedesktop.org"
| #define PACKAGE_URL ""
| #define PACKAGE "spice"
| #define VERSION "0.12.5"
| /* end confdefs.h.  */
| #include <ac_nonexistent.h>
configure:9048: checking for ANSI C header files
configure:9068: gcc -std=gnu99 -c -g -O2  conftest.c >&5
configure:9068: $? = 0
configure:9141: gcc -std=gnu99 -o conftest -g -O2   conftest.c  >&5
configure:9141: $? = 0
configure:9141: ./conftest
configure:9141: $? = 0
configure:9152: result: yes
configure:9165: checking for sys/types.h
configure:9165: gcc -std=gnu99 -c -g -O2  conftest.c >&5
configure:9165: $? = 0
configure:9165: result: yes
configure:9165: checking for sys/stat.h
configure:9165: gcc -std=gnu99 -c -g -O2  conftest.c >&5
configure:9165: $? = 0
configure:9165: result: yes
configure:9165: checking for stdlib.h
configure:9165: gcc -std=gnu99 -c -g -O2  conftest.c >&5
configure:9165: $? = 0
configure:9165: result: yes
configure:9165: checking for string.h
configure:9165: gcc -std=gnu99 -c -g -O2  conftest.c >&5
configure:9165: $? = 0
configure:9165: result: yes
configure:9165: checking for memory.h
configure:9165: gcc -std=gnu99 -c -g -O2  conftest.c >&5
configure:9165: $? = 0
configure:9165: result: yes
configure:9165: checking for strings.h
configure:9165: gcc -std=gnu99 -c -g -O2  conftest.c >&5
configure:9165: $? = 0
configure:9165: result: yes
configure:9165: checking for inttypes.h
configure:9165: gcc -std=gnu99 -c -g -O2  conftest.c >&5
configure:9165: $? = 0
configure:9165: result: yes
configure:9165: checking for stdint.h
configure:9165: gcc -std=gnu99 -c -g -O2  conftest.c >&5
configure:9165: $? = 0
configure:9165: result: yes
configure:9165: checking for unistd.h
configure:9165: gcc -std=gnu99 -c -g -O2  conftest.c >&5
configure:9165: $? = 0
configure:9165: result: yes
configure:9179: checking for dlfcn.h
configure:9179: gcc -std=gnu99 -c -g -O2  conftest.c >&5
configure:9179: $? = 0
configure:9179: result: yes
configure:9396: checking for objdir
configure:9411: result: .libs
configure:9682: checking if gcc -std=gnu99 supports -fno-rtti -fno-exceptions
configure:9700: gcc -std=gnu99 -c -g -O2  -fno-rtti -fno-exceptions conftest.c >&5
cc1: warning: command line option "-fno-rtti" is valid for C++/ObjC++ but not for C
configure:9704: $? = 0
configure:9717: result: no
configure:10044: checking for gcc -std=gnu99 option to produce PIC
configure:10051: result: -fPIC -DPIC
configure:10059: checking if gcc -std=gnu99 PIC flag -fPIC -DPIC works
configure:10077: gcc -std=gnu99 -c -g -O2  -fPIC -DPIC -DPIC conftest.c >&5
configure:10081: $? = 0
configure:10094: result: yes
configure:10123: checking if gcc -std=gnu99 static flag -static works
configure:10151: result: yes
configure:10166: checking if gcc -std=gnu99 supports -c -o file.o
configure:10187: gcc -std=gnu99 -c -g -O2  -o out/conftest2.o conftest.c >&5
configure:10191: $? = 0
configure:10213: result: yes
configure:10221: checking if gcc -std=gnu99 supports -c -o file.o
configure:10268: result: yes
configure:10301: checking whether the gcc -std=gnu99 linker (/usr/bin/ld -m elf_x86_64) supports shared libraries
configure:11454: result: yes
configure:11491: checking whether -lc should be explicitly linked in
configure:11499: gcc -std=gnu99 -c -g -O2  conftest.c >&5
configure:11502: $? = 0
configure:11517: gcc -std=gnu99 -shared  -fPIC -DPIC conftest.o  -v -Wl,-soname -Wl,conftest -o conftest 2\>\&1 \| /bin/grep  -lc  \>/dev/null 2\>\&1
configure:11520: $? = 0
configure:11534: result: no
configure:11694: checking dynamic linker characteristics
configure:12205: gcc -std=gnu99 -o conftest -g -O2   -Wl,-rpath -Wl,/foo conftest.c  >&5
configure:12205: $? = 0
configure:12431: result: GNU/Linux ld.so
configure:12538: checking how to hardcode library paths into programs
configure:12563: result: immediate
configure:13103: checking whether stripping libraries is possible
configure:13108: result: yes
configure:13143: checking if libtool supports shared libraries
configure:13145: result: yes
configure:13148: checking whether to build shared libraries
configure:13169: result: yes
configure:13172: checking whether to build static libraries
configure:13176: result: yes
configure:13199: checking how to run the C++ preprocessor
configure:13226: g++ -E  conftest.cpp
configure:13226: $? = 0
configure:13240: g++ -E  conftest.cpp
conftest.cpp:23:28: error: ac_nonexistent.h: No such file or directory
configure:13240: $? = 1
configure: failed program was:
| /* confdefs.h */
| #define PACKAGE_NAME "spice"
| #define PACKAGE_TARNAME "spice"
| #define PACKAGE_VERSION "0.12.5"
| #define PACKAGE_STRING "spice 0.12.5"
| #define PACKAGE_BUGREPORT "spice-devel@lists.freedesktop.org"
| #define PACKAGE_URL ""
| #define PACKAGE "spice"
| #define VERSION "0.12.5"
| #define STDC_HEADERS 1
| #define HAVE_SYS_TYPES_H 1
| #define HAVE_SYS_STAT_H 1
| #define HAVE_STDLIB_H 1
| #define HAVE_STRING_H 1
| #define HAVE_MEMORY_H 1
| #define HAVE_STRINGS_H 1
| #define HAVE_INTTYPES_H 1
| #define HAVE_STDINT_H 1
| #define HAVE_UNISTD_H 1
| #define HAVE_DLFCN_H 1
| #define LT_OBJDIR ".libs/"
| /* end confdefs.h.  */
| #include <ac_nonexistent.h>
configure:13265: result: g++ -E
configure:13285: g++ -E  conftest.cpp
configure:13285: $? = 0
configure:13299: g++ -E  conftest.cpp
conftest.cpp:23:28: error: ac_nonexistent.h: No such file or directory
configure:13299: $? = 1
configure: failed program was:
| /* confdefs.h */
| #define PACKAGE_NAME "spice"
| #define PACKAGE_TARNAME "spice"
| #define PACKAGE_VERSION "0.12.5"
| #define PACKAGE_STRING "spice 0.12.5"
| #define PACKAGE_BUGREPORT "spice-devel@lists.freedesktop.org"
| #define PACKAGE_URL ""
| #define PACKAGE "spice"
| #define VERSION "0.12.5"
| #define STDC_HEADERS 1
| #define HAVE_SYS_TYPES_H 1
| #define HAVE_SYS_STAT_H 1
| #define HAVE_STDLIB_H 1
| #define HAVE_STRING_H 1
| #define HAVE_MEMORY_H 1
| #define HAVE_STRINGS_H 1
| #define HAVE_INTTYPES_H 1
| #define HAVE_STDINT_H 1
| #define HAVE_UNISTD_H 1
| #define HAVE_DLFCN_H 1
| #define LT_OBJDIR ".libs/"
| /* end confdefs.h.  */
| #include <ac_nonexistent.h>
configure:13468: checking for ld used by g++
configure:13535: result: /usr/bin/ld -m elf_x86_64
configure:13542: checking if the linker (/usr/bin/ld -m elf_x86_64) is GNU ld
configure:13557: result: yes
configure:13612: checking whether the g++ linker (/usr/bin/ld -m elf_x86_64) supports shared libraries
configure:14617: result: yes
configure:14653: g++ -c -g -O2  conftest.cpp >&5
configure:14656: $? = 0
configure:15176: checking for g++ option to produce PIC
configure:15183: result: -fPIC -DPIC
configure:15191: checking if g++ PIC flag -fPIC -DPIC works
configure:15209: g++ -c -g -O2  -fPIC -DPIC -DPIC conftest.cpp >&5
configure:15213: $? = 0
configure:15226: result: yes
configure:15249: checking if g++ static flag -static works
configure:15277: result: yes
configure:15289: checking if g++ supports -c -o file.o
configure:15310: g++ -c -g -O2  -o out/conftest2.o conftest.cpp >&5
configure:15314: $? = 0
configure:15336: result: yes
configure:15341: checking if g++ supports -c -o file.o
configure:15388: result: yes
configure:15418: checking whether the g++ linker (/usr/bin/ld -m elf_x86_64) supports shared libraries
configure:15454: result: yes
configure:15595: checking dynamic linker characteristics
configure:16266: result: GNU/Linux ld.so
configure:16319: checking how to hardcode library paths into programs
configure:16344: result: immediate
configure:16406: checking whether byte ordering is bigendian
configure:16421: gcc -std=gnu99 -c -g -O2  conftest.c >&5
conftest.c:24: error: expected '=', ',', ';', 'asm' or '__attribute__' before 'a'
configure:16421: $? = 1
configure: failed program was:
| /* confdefs.h */
| #define PACKAGE_NAME "spice"
| #define PACKAGE_TARNAME "spice"
| #define PACKAGE_VERSION "0.12.5"
| #define PACKAGE_STRING "spice 0.12.5"
| #define PACKAGE_BUGREPORT "spice-devel@lists.freedesktop.org"
| #define PACKAGE_URL ""
| #define PACKAGE "spice"
| #define VERSION "0.12.5"
| #define STDC_HEADERS 1
| #define HAVE_SYS_TYPES_H 1
| #define HAVE_SYS_STAT_H 1
| #define HAVE_STDLIB_H 1
| #define HAVE_STRING_H 1
| #define HAVE_MEMORY_H 1
| #define HAVE_STRINGS_H 1
| #define HAVE_INTTYPES_H 1
| #define HAVE_STDINT_H 1
| #define HAVE_UNISTD_H 1
| #define HAVE_DLFCN_H 1
| #define LT_OBJDIR ".libs/"
| /* end confdefs.h.  */
| #ifndef __APPLE_CC__
| 	       not a universal capable compiler
| 	     #endif
| 	     typedef int dummy;
| 
configure:16466: gcc -std=gnu99 -c -g -O2  conftest.c >&5
configure:16466: $? = 0
configure:16484: gcc -std=gnu99 -c -g -O2  conftest.c >&5
conftest.c: In function 'main':
conftest.c:30: error: 'not' undeclared (first use in this function)
conftest.c:30: error: (Each undeclared identifier is reported only once
conftest.c:30: error: for each function it appears in.)
conftest.c:30: error: expected ';' before 'big'
configure:16484: $? = 1
configure: failed program was:
| /* confdefs.h */
| #define PACKAGE_NAME "spice"
| #define PACKAGE_TARNAME "spice"
| #define PACKAGE_VERSION "0.12.5"
| #define PACKAGE_STRING "spice 0.12.5"
| #define PACKAGE_BUGREPORT "spice-devel@lists.freedesktop.org"
| #define PACKAGE_URL ""
| #define PACKAGE "spice"
| #define VERSION "0.12.5"
| #define STDC_HEADERS 1
| #define HAVE_SYS_TYPES_H 1
| #define HAVE_SYS_STAT_H 1
| #define HAVE_STDLIB_H 1
| #define HAVE_STRING_H 1
| #define HAVE_MEMORY_H 1
| #define HAVE_STRINGS_H 1
| #define HAVE_INTTYPES_H 1
| #define HAVE_STDINT_H 1
| #define HAVE_UNISTD_H 1
| #define HAVE_DLFCN_H 1
| #define LT_OBJDIR ".libs/"
| /* end confdefs.h.  */
| #include <sys/types.h>
| 		#include <sys/param.h>
| 
| int
| main ()
| {
| #if BYTE_ORDER != BIG_ENDIAN
| 		 not big endian
| 		#endif
| 
|   ;
|   return 0;
| }
configure:16612: result: no
configure:16634: checking for python2
configure:16652: found /usr/bin/python2
configure:16664: result: /usr/bin/python2
configure:16729: checking for pkg-config
configure:16747: found /usr/bin/pkg-config
configure:16759: result: /usr/bin/pkg-config
configure:16784: checking pkg-config is at least version 0.9.0
configure:16787: result: yes
configure:16798: checking sys/time.h usability
configure:16798: gcc -std=gnu99 -c -g -O2  conftest.c >&5
configure:16798: $? = 0
configure:16798: result: yes
configure:16798: checking sys/time.h presence
configure:16798: gcc -std=gnu99 -E  conftest.c
configure:16798: $? = 0
configure:16798: result: yes
configure:16798: checking for sys/time.h
configure:16798: result: yes
configure:16810: checking execinfo.h usability
configure:16810: gcc -std=gnu99 -c -g -O2  conftest.c >&5
configure:16810: $? = 0
configure:16810: result: yes
configure:16810: checking execinfo.h presence
configure:16810: gcc -std=gnu99 -E  conftest.c
configure:16810: $? = 0
configure:16810: result: yes
configure:16810: checking for execinfo.h
configure:16810: result: yes
configure:16822: checking linux/sockios.h usability
configure:16822: gcc -std=gnu99 -c -g -O2  conftest.c >&5
configure:16822: $? = 0
configure:16822: result: yes
configure:16822: checking linux/sockios.h presence
configure:16822: gcc -std=gnu99 -E  conftest.c
configure:16822: $? = 0
configure:16822: result: yes
configure:16822: checking for linux/sockios.h
configure:16822: result: yes
configure:16832: checking for size_t
configure:16832: gcc -std=gnu99 -c -g -O2  conftest.c >&5
configure:16832: $? = 0
configure:16832: gcc -std=gnu99 -c -g -O2  conftest.c >&5
conftest.c: In function 'main':
conftest.c:62: error: expected expression before ')' token
configure:16832: $? = 1
configure: failed program was:
| /* confdefs.h */
| #define PACKAGE_NAME "spice"
| #define PACKAGE_TARNAME "spice"
| #define PACKAGE_VERSION "0.12.5"
| #define PACKAGE_STRING "spice 0.12.5"
| #define PACKAGE_BUGREPORT "spice-devel@lists.freedesktop.org"
| #define PACKAGE_URL ""
| #define PACKAGE "spice"
| #define VERSION "0.12.5"
| #define STDC_HEADERS 1
| #define HAVE_SYS_TYPES_H 1
| #define HAVE_SYS_STAT_H 1
| #define HAVE_STDLIB_H 1
| #define HAVE_STRING_H 1
| #define HAVE_MEMORY_H 1
| #define HAVE_STRINGS_H 1
| #define HAVE_INTTYPES_H 1
| #define HAVE_STDINT_H 1
| #define HAVE_UNISTD_H 1
| #define HAVE_DLFCN_H 1
| #define LT_OBJDIR ".libs/"
| #define HAVE_SYS_TIME_H 1
| #define HAVE_EXECINFO_H 1
| #define HAVE_LINUX_SOCKIOS_H 1
| /* end confdefs.h.  */
| #include <stdio.h>
| #ifdef HAVE_SYS_TYPES_H
| # include <sys/types.h>
| #endif
| #ifdef HAVE_SYS_STAT_H
| # include <sys/stat.h>
| #endif
| #ifdef STDC_HEADERS
| # include <stdlib.h>
| # include <stddef.h>
| #else
| # ifdef HAVE_STDLIB_H
| #  include <stdlib.h>
| # endif
| #endif
| #ifdef HAVE_STRING_H
| # if !defined STDC_HEADERS && defined HAVE_MEMORY_H
| #  include <memory.h>
| # endif
| # include <string.h>
| #endif
| #ifdef HAVE_STRINGS_H
| # include <strings.h>
| #endif
| #ifdef HAVE_INTTYPES_H
| # include <inttypes.h>
| #endif
| #ifdef HAVE_STDINT_H
| # include <stdint.h>
| #endif
| #ifdef HAVE_UNISTD_H
| # include <unistd.h>
| #endif
| int
| main ()
| {
| if (sizeof ((size_t)))
| 	    return 0;
|   ;
|   return 0;
| }
configure:16832: result: yes
configure:16845: checking for working alloca.h
configure:16862: gcc -std=gnu99 -o conftest -g -O2   conftest.c  >&5
configure:16862: $? = 0
configure:16870: result: yes
configure:16878: checking for alloca
configure:16915: gcc -std=gnu99 -o conftest -g -O2   conftest.c  >&5
configure:16915: $? = 0
configure:16923: result: yes
configure:17039: checking for x86
configure:17054: result: 64 bit
configure:17065: checking for native Win32
configure:17075: result: no
configure:17085: checking for some Win32 platform
configure:17095: result: no
configure:17325: checking for cos in -lm
configure:17350: gcc -std=gnu99 -o conftest -g -O2   conftest.c -lm   >&5
conftest.c:36: warning: conflicting types for built-in function 'cos'
configure:17350: $? = 0
configure:17359: result: yes
configure:17371: checking for clock_gettime in -lrt
configure:17396: gcc -std=gnu99 -o conftest -g -O2   conftest.c -lrt   >&5
configure:17396: $? = 0
configure:17405: result: yes
configure:17423: checking for posix yield function
configure:17440: gcc -std=gnu99 -o conftest -g -O2   -pthread -lm -lrt  conftest.c  >&5
conftest.c: In function 'main':
conftest.c:34: warning: implicit declaration of function 'pthread_yield'
configure:17440: $? = 0
configure:17451: result: pthread_yield
configure:17839: checking for GLIB2
configure:17846: $PKG_CONFIG --exists --print-errors "glib-2.0 >= 2.22"
configure:17849: $? = 0
configure:17863: $PKG_CONFIG --exists --print-errors "glib-2.0 >= 2.22"
configure:17866: $? = 0
configure:17924: result: yes
configure:17939: checking for PIXMAN
configure:17946: $PKG_CONFIG --exists --print-errors "pixman-1 >= 0.17.7"
configure:17949: $? = 0
configure:17963: $PKG_CONFIG --exists --print-errors "pixman-1 >= 0.17.7"
configure:17966: $? = 0
configure:18024: result: yes
configure:18043: checking for CELT051
configure:18050: $PKG_CONFIG --exists --print-errors "celt051 >= 0.5.1.1"
configure:18053: $? = 0
configure:18067: $PKG_CONFIG --exists --print-errors "celt051 >= 0.5.1.1"
configure:18070: $? = 0
configure:18128: result: yes
configure:18135: checking for pyparsing python module
configure:18143: result: found
configure:18149: checking for SSL
configure:18156: $PKG_CONFIG --exists --print-errors "openssl"
configure:18159: $? = 0
configure:18173: $PKG_CONFIG --exists --print-errors "openssl"
configure:18176: $? = 0
configure:18234: result: yes
configure:18824: checking for XINERAMA
configure:18831: $PKG_CONFIG --exists --print-errors "xinerama >= 1.0"
configure:18834: $? = 0
configure:18848: $PKG_CONFIG --exists --print-errors "xinerama >= 1.0"
configure:18851: $? = 0
configure:18889: result: yes
configure:18931: checking for jpeg_destroy_decompress in -ljpeg
configure:18956: gcc -std=gnu99 -o conftest -g -O2   -pthread -lm -lrt  conftest.c -ljpeg   >&5
configure:18956: $? = 0
configure:18965: result: yes
configure:18968: checking for jpeglib.h
configure:18978: gcc -std=gnu99 -E   -pthread -lm -lrt conftest.c
configure:18978: $? = 0
configure:18980: result: 
configure:18992: checking for deflate in -lz
configure:19017: gcc -std=gnu99 -o conftest -g -O2   -pthread -lm -lrt  conftest.c -lz   >&5
configure:19017: $? = 0
configure:19026: result: yes
configure:19058: checking sasl/sasl.h usability
configure:19058: gcc -std=gnu99 -c -g -O2    -pthread -lm -lrt conftest.c >&5
configure:19058: $? = 0
configure:19058: result: yes
configure:19058: checking sasl/sasl.h presence
configure:19058: gcc -std=gnu99 -E   -pthread -lm -lrt conftest.c
configure:19058: $? = 0
configure:19058: result: yes
configure:19058: checking for sasl/sasl.h
configure:19058: result: yes
configure:19072: checking for sasl_client_init in -lsasl2
configure:19097: gcc -std=gnu99 -o conftest -g -O2    -pthread -lm -lrt  conftest.c -lsasl2    >&5
configure:19097: $? = 0
configure:19106: result: yes
configure:19212: checking for asciidoc
configure:19230: found /usr/bin/asciidoc
configure:19242: result: /usr/bin/asciidoc
configure:19255: checking for a2x
configure:19273: found /usr/bin/a2x
configure:19285: result: /usr/bin/a2x
configure:19329: checking whether C compiler handles -Werror -Wunknown-warning-option
configure:19348: gcc -std=gnu99 -o conftest -g -O2  -Werror -Wunknown-warning-option   -pthread -lm -lrt  conftest.c  >&5
cc1: error: unrecognized command line option "-Wunknown-warning-option"
configure:19348: $? = 1
configure: failed program was:
| /* confdefs.h */
| #define PACKAGE_NAME "spice"
| #define PACKAGE_TARNAME "spice"
| #define PACKAGE_VERSION "0.12.5"
| #define PACKAGE_STRING "spice 0.12.5"
| #define PACKAGE_BUGREPORT "spice-devel@lists.freedesktop.org"
| #define PACKAGE_URL ""
| #define PACKAGE "spice"
| #define VERSION "0.12.5"
| #define STDC_HEADERS 1
| #define HAVE_SYS_TYPES_H 1
| #define HAVE_SYS_STAT_H 1
| #define HAVE_STDLIB_H 1
| #define HAVE_STRING_H 1
| #define HAVE_MEMORY_H 1
| #define HAVE_STRINGS_H 1
| #define HAVE_INTTYPES_H 1
| #define HAVE_STDINT_H 1
| #define HAVE_UNISTD_H 1
| #define HAVE_DLFCN_H 1
| #define LT_OBJDIR ".libs/"
| #define HAVE_SYS_TIME_H 1
| #define HAVE_EXECINFO_H 1
| #define HAVE_LINUX_SOCKIOS_H 1
| #define HAVE_ALLOCA_H 1
| #define HAVE_ALLOCA 1
| #define __STDC_FORMAT_MACROS /**/
| #define HAVE_CLOCK_GETTIME 1
| #define POSIX_YIELD_FUNC pthread_yield()
| #define HAVE_XINERAMA /**/
| #define HAVE_SASL 1
| /* end confdefs.h.  */
| 
| int
| main ()
| {
| 
|   ;
|   return 0;
| }
configure:19358: result: no
configure:19445: checking whether -Wno-missing-field-initializers is supported
configure:19464: gcc -std=gnu99 -c -g -O2 -W -Werror -Wno-missing-field-initializers   -pthread -lm -lrt conftest.c >&5
configure:19464: $? = 0
configure:19473: result: yes
configure:19477: checking whether -Wno-missing-field-initializers is needed
configure:19501: gcc -std=gnu99 -c -g -O2 -W -Werror   -pthread -lm -lrt conftest.c >&5
cc1: warnings being treated as errors
conftest.c: In function 'f':
conftest.c:36: error: missing initializer
conftest.c:36: error: (near initialization for 's1.b')
configure:19501: $? = 1
configure: failed program was:
| /* confdefs.h */
| #define PACKAGE_NAME "spice"
| #define PACKAGE_TARNAME "spice"
| #define PACKAGE_VERSION "0.12.5"
| #define PACKAGE_STRING "spice 0.12.5"
| #define PACKAGE_BUGREPORT "spice-devel@lists.freedesktop.org"
| #define PACKAGE_URL ""
| #define PACKAGE "spice"
| #define VERSION "0.12.5"
| #define STDC_HEADERS 1
| #define HAVE_SYS_TYPES_H 1
| #define HAVE_SYS_STAT_H 1
| #define HAVE_STDLIB_H 1
| #define HAVE_STRING_H 1
| #define HAVE_MEMORY_H 1
| #define HAVE_STRINGS_H 1
| #define HAVE_INTTYPES_H 1
| #define HAVE_STDINT_H 1
| #define HAVE_UNISTD_H 1
| #define HAVE_DLFCN_H 1
| #define LT_OBJDIR ".libs/"
| #define HAVE_SYS_TIME_H 1
| #define HAVE_EXECINFO_H 1
| #define HAVE_LINUX_SOCKIOS_H 1
| #define HAVE_ALLOCA_H 1
| #define HAVE_ALLOCA 1
| #define __STDC_FORMAT_MACROS /**/
| #define HAVE_CLOCK_GETTIME 1
| #define POSIX_YIELD_FUNC pthread_yield()
| #define HAVE_XINERAMA /**/
| #define HAVE_SASL 1
| /* end confdefs.h.  */
| void f (void)
|                {
|                  typedef struct { int a; int b; } s_t;
|                  s_t s1 = { 0, };
|                }
| 
| int
| main ()
| {
| 
|   ;
|   return 0;
| }
configure:19511: result: yes
configure:19645: checking whether C compiler handles -Wall
configure:19664: gcc -std=gnu99 -o conftest -g -O2  -Wall   -pthread -lm -lrt  conftest.c  >&5
configure:19664: $? = 0
configure:19675: result: yes
configure:19645: checking whether C compiler handles -W
configure:19664: gcc -std=gnu99 -o conftest -g -O2  -W   -pthread -lm -lrt  conftest.c  >&5
configure:19664: $? = 0
configure:19675: result: yes
configure:19645: checking whether C compiler handles -Wformat-y2k
configure:19664: gcc -std=gnu99 -o conftest -g -O2  -Wformat-y2k   -pthread -lm -lrt  conftest.c  >&5
cc1: warning: -Wformat-y2k ignored without -Wformat
configure:19664: $? = 0
configure:19675: result: yes
configure:19645: checking whether C compiler handles -Wformat-security
configure:19664: gcc -std=gnu99 -o conftest -g -O2  -Wformat-security   -pthread -lm -lrt  conftest.c  >&5
cc1: warning: -Wformat-security ignored without -Wformat
configure:19664: $? = 0
configure:19675: result: yes
configure:19645: checking whether C compiler handles -Winit-self
configure:19664: gcc -std=gnu99 -o conftest -g -O2  -Winit-self   -pthread -lm -lrt  conftest.c  >&5
configure:19664: $? = 0
configure:19675: result: yes
configure:19645: checking whether C compiler handles -Wmissing-include-dirs
configure:19664: gcc -std=gnu99 -o conftest -g -O2  -Wmissing-include-dirs   -pthread -lm -lrt  conftest.c  >&5
configure:19664: $? = 0
configure:19675: result: yes
configure:19645: checking whether C compiler handles -Wunused
configure:19664: gcc -std=gnu99 -o conftest -g -O2  -Wunused   -pthread -lm -lrt  conftest.c  >&5
configure:19664: $? = 0
configure:19675: result: yes
configure:19645: checking whether C compiler handles -Wunknown-pragmas
configure:19664: gcc -std=gnu99 -o conftest -g -O2  -Wunknown-pragmas   -pthread -lm -lrt  conftest.c  >&5
configure:19664: $? = 0
configure:19675: result: yes
configure:19645: checking whether C compiler handles -Wstrict-aliasing
configure:19664: gcc -std=gnu99 -o conftest -g -O2  -Wstrict-aliasing   -pthread -lm -lrt  conftest.c  >&5
configure:19664: $? = 0
configure:19675: result: yes
configure:19645: checking whether C compiler handles -Wpointer-arith
configure:19664: gcc -std=gnu99 -o conftest -g -O2  -Wpointer-arith   -pthread -lm -lrt  conftest.c  >&5
configure:19664: $? = 0
configure:19675: result: yes
configure:19645: checking whether C compiler handles -Wcast-align
configure:19664: gcc -std=gnu99 -o conftest -g -O2  -Wcast-align   -pthread -lm -lrt  conftest.c  >&5
configure:19664: $? = 0
configure:19675: result: yes
configure:19645: checking whether C compiler handles -Wwrite-strings
configure:19664: gcc -std=gnu99 -o conftest -g -O2  -Wwrite-strings   -pthread -lm -lrt  conftest.c  >&5
configure:19664: $? = 0
configure:19675: result: yes
configure:19645: checking whether C compiler handles -Wlogical-op
configure:19664: gcc -std=gnu99 -o conftest -g -O2  -Wlogical-op   -pthread -lm -lrt  conftest.c  >&5
configure:19664: $? = 0
configure:19675: result: yes
configure:19645: checking whether C compiler handles -Wmissing-noreturn
configure:19664: gcc -std=gnu99 -o conftest -g -O2  -Wmissing-noreturn   -pthread -lm -lrt  conftest.c  >&5
configure:19664: $? = 0
configure:19675: result: yes
configure:19645: checking whether C compiler handles -Wredundant-decls
configure:19664: gcc -std=gnu99 -o conftest -g -O2  -Wredundant-decls   -pthread -lm -lrt  conftest.c  >&5
configure:19664: $? = 0
configure:19675: result: yes
configure:19645: checking whether C compiler handles -Winvalid-pch
configure:19664: gcc -std=gnu99 -o conftest -g -O2  -Winvalid-pch   -pthread -lm -lrt  conftest.c  >&5
configure:19664: $? = 0
configure:19675: result: yes
configure:19645: checking whether C compiler handles -Wvolatile-register-var
configure:19664: gcc -std=gnu99 -o conftest -g -O2  -Wvolatile-register-var   -pthread -lm -lrt  conftest.c  >&5
configure:19664: $? = 0
configure:19675: result: yes
configure:19645: checking whether C compiler handles -Wdisabled-optimization
configure:19664: gcc -std=gnu99 -o conftest -g -O2  -Wdisabled-optimization   -pthread -lm -lrt  conftest.c  >&5
configure:19664: $? = 0
configure:19675: result: yes
configure:19645: checking whether C compiler handles -Wbuiltin-macro-redefined
configure:19664: gcc -std=gnu99 -o conftest -g -O2  -Wbuiltin-macro-redefined   -pthread -lm -lrt  conftest.c  >&5
configure:19664: $? = 0
configure:19675: result: yes
configure:19645: checking whether C compiler handles -Wmudflap
configure:19664: gcc -std=gnu99 -o conftest -g -O2  -Wmudflap   -pthread -lm -lrt  conftest.c  >&5
configure:19664: $? = 0
configure:19675: result: yes
configure:19645: checking whether C compiler handles -Wpacked-bitfield-compat
configure:19664: gcc -std=gnu99 -o conftest -g -O2  -Wpacked-bitfield-compat   -pthread -lm -lrt  conftest.c  >&5
configure:19664: $? = 0
configure:19675: result: yes
configure:19645: checking whether C compiler handles -Wsync-nand
configure:19664: gcc -std=gnu99 -o conftest -g -O2  -Wsync-nand   -pthread -lm -lrt  conftest.c  >&5
configure:19664: $? = 0
configure:19675: result: yes
configure:19645: checking whether C compiler handles -Wattributes
configure:19664: gcc -std=gnu99 -o conftest -g -O2  -Wattributes   -pthread -lm -lrt  conftest.c  >&5
configure:19664: $? = 0
configure:19675: result: yes
configure:19645: checking whether C compiler handles -Wcoverage-mismatch
configure:19664: gcc -std=gnu99 -o conftest -g -O2  -Wcoverage-mismatch   -pthread -lm -lrt  conftest.c  >&5
configure:19664: $? = 0
configure:19675: result: yes
configure:19645: checking whether C compiler handles -Wmultichar
configure:19664: gcc -std=gnu99 -o conftest -g -O2  -Wmultichar   -pthread -lm -lrt  conftest.c  >&5
configure:19664: $? = 0
configure:19675: result: yes
configure:19645: checking whether C compiler handles -Wcpp
configure:19664: gcc -std=gnu99 -o conftest -g -O2  -Wcpp   -pthread -lm -lrt  conftest.c  >&5
cc1: error: unrecognized command line option "-Wcpp"
configure:19664: $? = 1
configure: failed program was:
| /* confdefs.h */
| #define PACKAGE_NAME "spice"
| #define PACKAGE_TARNAME "spice"
| #define PACKAGE_VERSION "0.12.5"
| #define PACKAGE_STRING "spice 0.12.5"
| #define PACKAGE_BUGREPORT "spice-devel@lists.freedesktop.org"
| #define PACKAGE_URL ""
| #define PACKAGE "spice"
| #define VERSION "0.12.5"
| #define STDC_HEADERS 1
| #define HAVE_SYS_TYPES_H 1
| #define HAVE_SYS_STAT_H 1
| #define HAVE_STDLIB_H 1
| #define HAVE_STRING_H 1
| #define HAVE_MEMORY_H 1
| #define HAVE_STRINGS_H 1
| #define HAVE_INTTYPES_H 1
| #define HAVE_STDINT_H 1
| #define HAVE_UNISTD_H 1
| #define HAVE_DLFCN_H 1
| #define LT_OBJDIR ".libs/"
| #define HAVE_SYS_TIME_H 1
| #define HAVE_EXECINFO_H 1
| #define HAVE_LINUX_SOCKIOS_H 1
| #define HAVE_ALLOCA_H 1
| #define HAVE_ALLOCA 1
| #define __STDC_FORMAT_MACROS /**/
| #define HAVE_CLOCK_GETTIME 1
| #define POSIX_YIELD_FUNC pthread_yield()
| #define HAVE_XINERAMA /**/
| #define HAVE_SASL 1
| /* end confdefs.h.  */
| 
| int
| main ()
| {
| 
|   ;
|   return 0;
| }
configure:19675: result: no
configure:19645: checking whether C compiler handles -Wdeprecated-declarations
configure:19664: gcc -std=gnu99 -o conftest -g -O2  -Wdeprecated-declarations   -pthread -lm -lrt  conftest.c  >&5
configure:19664: $? = 0
configure:19675: result: yes
configure:19645: checking whether C compiler handles -Wdiv-by-zero
configure:19664: gcc -std=gnu99 -o conftest -g -O2  -Wdiv-by-zero   -pthread -lm -lrt  conftest.c  >&5
configure:19664: $? = 0
configure:19675: result: yes
configure:19645: checking whether C compiler handles -Wdouble-promotion
configure:19664: gcc -std=gnu99 -o conftest -g -O2  -Wdouble-promotion   -pthread -lm -lrt  conftest.c  >&5
cc1: error: unrecognized command line option "-Wdouble-promotion"
configure:19664: $? = 1
configure: failed program was:
| /* confdefs.h */
| #define PACKAGE_NAME "spice"
| #define PACKAGE_TARNAME "spice"
| #define PACKAGE_VERSION "0.12.5"
| #define PACKAGE_STRING "spice 0.12.5"
| #define PACKAGE_BUGREPORT "spice-devel@lists.freedesktop.org"
| #define PACKAGE_URL ""
| #define PACKAGE "spice"
| #define VERSION "0.12.5"
| #define STDC_HEADERS 1
| #define HAVE_SYS_TYPES_H 1
| #define HAVE_SYS_STAT_H 1
| #define HAVE_STDLIB_H 1
| #define HAVE_STRING_H 1
| #define HAVE_MEMORY_H 1
| #define HAVE_STRINGS_H 1
| #define HAVE_INTTYPES_H 1
| #define HAVE_STDINT_H 1
| #define HAVE_UNISTD_H 1
| #define HAVE_DLFCN_H 1
| #define LT_OBJDIR ".libs/"
| #define HAVE_SYS_TIME_H 1
| #define HAVE_EXECINFO_H 1
| #define HAVE_LINUX_SOCKIOS_H 1
| #define HAVE_ALLOCA_H 1
| #define HAVE_ALLOCA 1
| #define __STDC_FORMAT_MACROS /**/
| #define HAVE_CLOCK_GETTIME 1
| #define POSIX_YIELD_FUNC pthread_yield()
| #define HAVE_XINERAMA /**/
| #define HAVE_SASL 1
| /* end confdefs.h.  */
| 
| int
| main ()
| {
| 
|   ;
|   return 0;
| }
configure:19675: result: no
configure:19645: checking whether C compiler handles -Wendif-labels
configure:19664: gcc -std=gnu99 -o conftest -g -O2  -Wendif-labels   -pthread -lm -lrt  conftest.c  >&5
configure:19664: $? = 0
configure:19675: result: yes
configure:19645: checking whether C compiler handles -Wextra
configure:19664: gcc -std=gnu99 -o conftest -g -O2  -Wextra   -pthread -lm -lrt  conftest.c  >&5
configure:19664: $? = 0
configure:19675: result: yes
configure:19645: checking whether C compiler handles -Wformat-contains-nul
configure:19664: gcc -std=gnu99 -o conftest -g -O2  -Wformat-contains-nul   -pthread -lm -lrt  conftest.c  >&5
cc1: warning: -Wformat-contains-nul ignored without -Wformat
configure:19664: $? = 0
configure:19675: result: yes
configure:19645: checking whether C compiler handles -Wformat-extra-args
configure:19664: gcc -std=gnu99 -o conftest -g -O2  -Wformat-extra-args   -pthread -lm -lrt  conftest.c  >&5
cc1: warning: -Wformat-extra-args ignored without -Wformat
configure:19664: $? = 0
configure:19675: result: yes
configure:19645: checking whether C compiler handles -Wformat=2
configure:19664: gcc -std=gnu99 -o conftest -g -O2  -Wformat=2   -pthread -lm -lrt  conftest.c  >&5
configure:19664: $? = 0
configure:19675: result: yes
configure:19645: checking whether C compiler handles -Wmultichar
configure:19675: result: yes
configure:19645: checking whether C compiler handles -Wnormalized=nfc
configure:19664: gcc -std=gnu99 -o conftest -g -O2  -Wnormalized=nfc   -pthread -lm -lrt  conftest.c  >&5
configure:19664: $? = 0
configure:19675: result: yes
configure:19645: checking whether C compiler handles -Woverflow
configure:19664: gcc -std=gnu99 -o conftest -g -O2  -Woverflow   -pthread -lm -lrt  conftest.c  >&5
configure:19664: $? = 0
configure:19675: result: yes
configure:19645: checking whether C compiler handles -Wpragmas
configure:19664: gcc -std=gnu99 -o conftest -g -O2  -Wpragmas   -pthread -lm -lrt  conftest.c  >&5
configure:19664: $? = 0
configure:19675: result: yes
configure:19645: checking whether C compiler handles -Wsuggest-attribute=const
configure:19664: gcc -std=gnu99 -o conftest -g -O2  -Wsuggest-attribute=const   -pthread -lm -lrt  conftest.c  >&5
cc1: error: unrecognized command line option "-Wsuggest-attribute=const"
configure:19664: $? = 1
configure: failed program was:
| /* confdefs.h */
| #define PACKAGE_NAME "spice"
| #define PACKAGE_TARNAME "spice"
| #define PACKAGE_VERSION "0.12.5"
| #define PACKAGE_STRING "spice 0.12.5"
| #define PACKAGE_BUGREPORT "spice-devel@lists.freedesktop.org"
| #define PACKAGE_URL ""
| #define PACKAGE "spice"
| #define VERSION "0.12.5"
| #define STDC_HEADERS 1
| #define HAVE_SYS_TYPES_H 1
| #define HAVE_SYS_STAT_H 1
| #define HAVE_STDLIB_H 1
| #define HAVE_STRING_H 1
| #define HAVE_MEMORY_H 1
| #define HAVE_STRINGS_H 1
| #define HAVE_INTTYPES_H 1
| #define HAVE_STDINT_H 1
| #define HAVE_UNISTD_H 1
| #define HAVE_DLFCN_H 1
| #define LT_OBJDIR ".libs/"
| #define HAVE_SYS_TIME_H 1
| #define HAVE_EXECINFO_H 1
| #define HAVE_LINUX_SOCKIOS_H 1
| #define HAVE_ALLOCA_H 1
| #define HAVE_ALLOCA 1
| #define __STDC_FORMAT_MACROS /**/
| #define HAVE_CLOCK_GETTIME 1
| #define POSIX_YIELD_FUNC pthread_yield()
| #define HAVE_XINERAMA /**/
| #define HAVE_SASL 1
| /* end confdefs.h.  */
| 
| int
| main ()
| {
| 
|   ;
|   return 0;
| }
configure:19675: result: no
configure:19645: checking whether C compiler handles -Wsuggest-attribute=noreturn
configure:19664: gcc -std=gnu99 -o conftest -g -O2  -Wsuggest-attribute=noreturn   -pthread -lm -lrt  conftest.c  >&5
cc1: error: unrecognized command line option "-Wsuggest-attribute=noreturn"
configure:19664: $? = 1
configure: failed program was:
| /* confdefs.h */
| #define PACKAGE_NAME "spice"
| #define PACKAGE_TARNAME "spice"
| #define PACKAGE_VERSION "0.12.5"
| #define PACKAGE_STRING "spice 0.12.5"
| #define PACKAGE_BUGREPORT "spice-devel@lists.freedesktop.org"
| #define PACKAGE_URL ""
| #define PACKAGE "spice"
| #define VERSION "0.12.5"
| #define STDC_HEADERS 1
| #define HAVE_SYS_TYPES_H 1
| #define HAVE_SYS_STAT_H 1
| #define HAVE_STDLIB_H 1
| #define HAVE_STRING_H 1
| #define HAVE_MEMORY_H 1
| #define HAVE_STRINGS_H 1
| #define HAVE_INTTYPES_H 1
| #define HAVE_STDINT_H 1
| #define HAVE_UNISTD_H 1
| #define HAVE_DLFCN_H 1
| #define LT_OBJDIR ".libs/"
| #define HAVE_SYS_TIME_H 1
| #define HAVE_EXECINFO_H 1
| #define HAVE_LINUX_SOCKIOS_H 1
| #define HAVE_ALLOCA_H 1
| #define HAVE_ALLOCA 1
| #define __STDC_FORMAT_MACROS /**/
| #define HAVE_CLOCK_GETTIME 1
| #define POSIX_YIELD_FUNC pthread_yield()
| #define HAVE_XINERAMA /**/
| #define HAVE_SASL 1
| /* end confdefs.h.  */
| 
| int
| main ()
| {
| 
|   ;
|   return 0;
| }
configure:19675: result: no
configure:19645: checking whether C compiler handles -Wsuggest-attribute=pure
configure:19664: gcc -std=gnu99 -o conftest -g -O2  -Wsuggest-attribute=pure   -pthread -lm -lrt  conftest.c  >&5
cc1: error: unrecognized command line option "-Wsuggest-attribute=pure"
configure:19664: $? = 1
configure: failed program was:
| /* confdefs.h */
| #define PACKAGE_NAME "spice"
| #define PACKAGE_TARNAME "spice"
| #define PACKAGE_VERSION "0.12.5"
| #define PACKAGE_STRING "spice 0.12.5"
| #define PACKAGE_BUGREPORT "spice-devel@lists.freedesktop.org"
| #define PACKAGE_URL ""
| #define PACKAGE "spice"
| #define VERSION "0.12.5"
| #define STDC_HEADERS 1
| #define HAVE_SYS_TYPES_H 1
| #define HAVE_SYS_STAT_H 1
| #define HAVE_STDLIB_H 1
| #define HAVE_STRING_H 1
| #define HAVE_MEMORY_H 1
| #define HAVE_STRINGS_H 1
| #define HAVE_INTTYPES_H 1
| #define HAVE_STDINT_H 1
| #define HAVE_UNISTD_H 1
| #define HAVE_DLFCN_H 1
| #define LT_OBJDIR ".libs/"
| #define HAVE_SYS_TIME_H 1
| #define HAVE_EXECINFO_H 1
| #define HAVE_LINUX_SOCKIOS_H 1
| #define HAVE_ALLOCA_H 1
| #define HAVE_ALLOCA 1
| #define __STDC_FORMAT_MACROS /**/
| #define HAVE_CLOCK_GETTIME 1
| #define POSIX_YIELD_FUNC pthread_yield()
| #define HAVE_XINERAMA /**/
| #define HAVE_SASL 1
| /* end confdefs.h.  */
| 
| int
| main ()
| {
| 
|   ;
|   return 0;
| }
configure:19675: result: no
configure:19645: checking whether C compiler handles -Wtrampolines
configure:19664: gcc -std=gnu99 -o conftest -g -O2  -Wtrampolines   -pthread -lm -lrt  conftest.c  >&5
cc1: error: unrecognized command line option "-Wtrampolines"
configure:19664: $? = 1
configure: failed program was:
| /* confdefs.h */
| #define PACKAGE_NAME "spice"
| #define PACKAGE_TARNAME "spice"
| #define PACKAGE_VERSION "0.12.5"
| #define PACKAGE_STRING "spice 0.12.5"
| #define PACKAGE_BUGREPORT "spice-devel@lists.freedesktop.org"
| #define PACKAGE_URL ""
| #define PACKAGE "spice"
| #define VERSION "0.12.5"
| #define STDC_HEADERS 1
| #define HAVE_SYS_TYPES_H 1
| #define HAVE_SYS_STAT_H 1
| #define HAVE_STDLIB_H 1
| #define HAVE_STRING_H 1
| #define HAVE_MEMORY_H 1
| #define HAVE_STRINGS_H 1
| #define HAVE_INTTYPES_H 1
| #define HAVE_STDINT_H 1
| #define HAVE_UNISTD_H 1
| #define HAVE_DLFCN_H 1
| #define LT_OBJDIR ".libs/"
| #define HAVE_SYS_TIME_H 1
| #define HAVE_EXECINFO_H 1
| #define HAVE_LINUX_SOCKIOS_H 1
| #define HAVE_ALLOCA_H 1
| #define HAVE_ALLOCA 1
| #define __STDC_FORMAT_MACROS /**/
| #define HAVE_CLOCK_GETTIME 1
| #define POSIX_YIELD_FUNC pthread_yield()
| #define HAVE_XINERAMA /**/
| #define HAVE_SASL 1
| /* end confdefs.h.  */
| 
| int
| main ()
| {
| 
|   ;
|   return 0;
| }
configure:19675: result: no
configure:19645: checking whether C compiler handles -Wno-missing-field-initializers
configure:19664: gcc -std=gnu99 -o conftest -g -O2  -Wmissing-field-initializers   -pthread -lm -lrt  conftest.c  >&5
configure:19664: $? = 0
configure:19675: result: yes
configure:19689: checking whether C compiler handles -Wno-sign-compare
configure:19708: gcc -std=gnu99 -o conftest -g -O2  -Wsign-compare   -pthread -lm -lrt  conftest.c  >&5
configure:19708: $? = 0
configure:19718: result: yes
configure:19726: checking whether C compiler handles -Wno-unused-parameter
configure:19745: gcc -std=gnu99 -o conftest -g -O2  -Wunused-parameter   -pthread -lm -lrt  conftest.c  >&5
configure:19745: $? = 0
configure:19755: result: yes
configure:19765: checking whether C compiler handles -Wno-format-nonliteral
configure:19784: gcc -std=gnu99 -o conftest -g -O2  -Wformat-nonliteral   -pthread -lm -lrt  conftest.c  >&5
cc1: warning: -Wformat-nonliteral ignored without -Wformat
configure:19784: $? = 0
configure:19794: result: yes
configure:19803: checking whether C compiler handles -Wno-ignored-qualifiers
configure:19822: gcc -std=gnu99 -o conftest -g -O2  -Wignored-qualifiers   -pthread -lm -lrt  conftest.c  >&5
configure:19822: $? = 0
configure:19832: result: yes
configure:19846: checking whether C compiler handles -Wno-format-nonliteral
configure:19875: result: yes
configure:19886: checking whether C compiler handles -Wframe-larger-than=20460
configure:19905: gcc -std=gnu99 -o conftest -g -O2  -Wframe-larger-than=20460   -pthread -lm -lrt  conftest.c  >&5
configure:19905: $? = 0
configure:19915: result: yes
configure:19930: checking whether C compiler handles -fstack-protector-all
configure:19949: gcc -std=gnu99 -o conftest -g -O2  -fstack-protector-all   -pthread -lm -lrt  conftest.c  >&5
configure:19949: $? = 0
configure:19959: result: yes
configure:19967: checking whether C compiler handles --param=ssp-buffer-size=4
configure:19986: gcc -std=gnu99 -o conftest -g -O2  --param=ssp-buffer-size=4   -pthread -lm -lrt  conftest.c  >&5
configure:19986: $? = 0
configure:19996: result: yes
configure:20006: checking whether C compiler handles -fexceptions
configure:20025: gcc -std=gnu99 -o conftest -g -O2  -fexceptions   -pthread -lm -lrt  conftest.c  >&5
configure:20025: $? = 0
configure:20035: result: yes
configure:20043: checking whether C compiler handles -fasynchronous-unwind-tables
configure:20062: gcc -std=gnu99 -o conftest -g -O2  -fasynchronous-unwind-tables   -pthread -lm -lrt  conftest.c  >&5
configure:20062: $? = 0
configure:20072: result: yes
configure:20080: checking whether C compiler handles -fdiagnostics-show-option
configure:20099: gcc -std=gnu99 -o conftest -g -O2  -fdiagnostics-show-option   -pthread -lm -lrt  conftest.c  >&5
configure:20099: $? = 0
configure:20109: result: yes
configure:20117: checking whether C compiler handles -funit-at-a-time
configure:20136: gcc -std=gnu99 -o conftest -g -O2  -funit-at-a-time   -pthread -lm -lrt  conftest.c  >&5
configure:20136: $? = 0
configure:20146: result: yes
configure:20157: checking whether C compiler handles -fipa-pure-const
configure:20176: gcc -std=gnu99 -o conftest -g -O2  -fipa-pure-const   -pthread -lm -lrt  conftest.c  >&5
configure:20176: $? = 0
configure:20186: result: yes
configure:20197: checking whether C compiler handles -Wno-suggest-attribute=pure
configure:20216: gcc -std=gnu99 -o conftest -g -O2  -Wsuggest-attribute=pure   -pthread -lm -lrt  conftest.c  >&5
cc1: error: unrecognized command line option "-Wsuggest-attribute=pure"
configure:20216: $? = 1
configure: failed program was:
| /* confdefs.h */
| #define PACKAGE_NAME "spice"
| #define PACKAGE_TARNAME "spice"
| #define PACKAGE_VERSION "0.12.5"
| #define PACKAGE_STRING "spice 0.12.5"
| #define PACKAGE_BUGREPORT "spice-devel@lists.freedesktop.org"
| #define PACKAGE_URL ""
| #define PACKAGE "spice"
| #define VERSION "0.12.5"
| #define STDC_HEADERS 1
| #define HAVE_SYS_TYPES_H 1
| #define HAVE_SYS_STAT_H 1
| #define HAVE_STDLIB_H 1
| #define HAVE_STRING_H 1
| #define HAVE_MEMORY_H 1
| #define HAVE_STRINGS_H 1
| #define HAVE_INTTYPES_H 1
| #define HAVE_STDINT_H 1
| #define HAVE_UNISTD_H 1
| #define HAVE_DLFCN_H 1
| #define LT_OBJDIR ".libs/"
| #define HAVE_SYS_TIME_H 1
| #define HAVE_EXECINFO_H 1
| #define HAVE_LINUX_SOCKIOS_H 1
| #define HAVE_ALLOCA_H 1
| #define HAVE_ALLOCA 1
| #define __STDC_FORMAT_MACROS /**/
| #define HAVE_CLOCK_GETTIME 1
| #define POSIX_YIELD_FUNC pthread_yield()
| #define HAVE_XINERAMA /**/
| #define HAVE_SASL 1
| /* end confdefs.h.  */
| 
| int
| main ()
| {
| 
|   ;
|   return 0;
| }
configure:20226: result: no
configure:20234: checking whether C compiler handles -Wno-suggest-attribute=const
configure:20253: gcc -std=gnu99 -o conftest -g -O2  -Wsuggest-attribute=const   -pthread -lm -lrt  conftest.c  >&5
cc1: error: unrecognized command line option "-Wsuggest-attribute=const"
configure:20253: $? = 1
configure: failed program was:
| /* confdefs.h */
| #define PACKAGE_NAME "spice"
| #define PACKAGE_TARNAME "spice"
| #define PACKAGE_VERSION "0.12.5"
| #define PACKAGE_STRING "spice 0.12.5"
| #define PACKAGE_BUGREPORT "spice-devel@lists.freedesktop.org"
| #define PACKAGE_URL ""
| #define PACKAGE "spice"
| #define VERSION "0.12.5"
| #define STDC_HEADERS 1
| #define HAVE_SYS_TYPES_H 1
| #define HAVE_SYS_STAT_H 1
| #define HAVE_STDLIB_H 1
| #define HAVE_STRING_H 1
| #define HAVE_MEMORY_H 1
| #define HAVE_STRINGS_H 1
| #define HAVE_INTTYPES_H 1
| #define HAVE_STDINT_H 1
| #define HAVE_UNISTD_H 1
| #define HAVE_DLFCN_H 1
| #define LT_OBJDIR ".libs/"
| #define HAVE_SYS_TIME_H 1
| #define HAVE_EXECINFO_H 1
| #define HAVE_LINUX_SOCKIOS_H 1
| #define HAVE_ALLOCA_H 1
| #define HAVE_ALLOCA 1
| #define __STDC_FORMAT_MACROS /**/
| #define HAVE_CLOCK_GETTIME 1
| #define POSIX_YIELD_FUNC pthread_yield()
| #define HAVE_XINERAMA /**/
| #define HAVE_SASL 1
| /* end confdefs.h.  */
| 
| int
| main ()
| {
| 
|   ;
|   return 0;
| }
configure:20263: result: no
configure:20318: checking whether C compiler handles -Waggregate-return
configure:20337: gcc -std=gnu99 -o conftest -g -O2  -Waggregate-return   -pthread -lm -lrt  conftest.c  >&5
configure:20337: $? = 0
configure:20347: result: yes
configure:20356: checking whether C compiler handles -Wstrict-prototypes
configure:20375: gcc -std=gnu99 -o conftest -g -O2  -Wstrict-prototypes   -pthread -lm -lrt  conftest.c  >&5
conftest.c:36: warning: function declaration isn't a prototype
configure:20375: $? = 0
configure:20385: result: yes
configure:20393: checking whether C compiler handles -Wold-style-definition
configure:20412: gcc -std=gnu99 -o conftest -g -O2  -Wold-style-definition   -pthread -lm -lrt  conftest.c  >&5
conftest.c: In function 'main':
conftest.c:35: warning: old-style function definition
configure:20412: $? = 0
configure:20422: result: yes
configure:20430: checking whether C compiler handles -Wnested-externs
configure:20449: gcc -std=gnu99 -o conftest -g -O2  -Wnested-externs   -pthread -lm -lrt  conftest.c  >&5
configure:20449: $? = 0
configure:20459: result: yes
configure:20467: checking whether C compiler handles -Wformat-zero-length
configure:20486: gcc -std=gnu99 -o conftest -g -O2  -Wformat-zero-length   -pthread -lm -lrt  conftest.c  >&5
cc1: warning: -Wformat-zero-length ignored without -Wformat
configure:20486: $? = 0
configure:20496: result: yes
configure:20504: checking whether C compiler handles -Wpointer-to-int-cast
configure:20523: gcc -std=gnu99 -o conftest -g -O2  -Wpointer-to-int-cast   -pthread -lm -lrt  conftest.c  >&5
configure:20523: $? = 0
configure:20533: result: yes
configure:20541: checking whether C compiler handles -Wjump-misses-init
configure:20560: gcc -std=gnu99 -o conftest -g -O2  -Wjump-misses-init   -pthread -lm -lrt  conftest.c  >&5
cc1: error: unrecognized command line option "-Wjump-misses-init"
configure:20560: $? = 1
configure: failed program was:
| /* confdefs.h */
| #define PACKAGE_NAME "spice"
| #define PACKAGE_TARNAME "spice"
| #define PACKAGE_VERSION "0.12.5"
| #define PACKAGE_STRING "spice 0.12.5"
| #define PACKAGE_BUGREPORT "spice-devel@lists.freedesktop.org"
| #define PACKAGE_URL ""
| #define PACKAGE "spice"
| #define VERSION "0.12.5"
| #define STDC_HEADERS 1
| #define HAVE_SYS_TYPES_H 1
| #define HAVE_SYS_STAT_H 1
| #define HAVE_STDLIB_H 1
| #define HAVE_STRING_H 1
| #define HAVE_MEMORY_H 1
| #define HAVE_STRINGS_H 1
| #define HAVE_INTTYPES_H 1
| #define HAVE_STDINT_H 1
| #define HAVE_UNISTD_H 1
| #define HAVE_DLFCN_H 1
| #define LT_OBJDIR ".libs/"
| #define HAVE_SYS_TIME_H 1
| #define HAVE_EXECINFO_H 1
| #define HAVE_LINUX_SOCKIOS_H 1
| #define HAVE_ALLOCA_H 1
| #define HAVE_ALLOCA 1
| #define __STDC_FORMAT_MACROS /**/
| #define HAVE_CLOCK_GETTIME 1
| #define POSIX_YIELD_FUNC pthread_yield()
| #define HAVE_XINERAMA /**/
| #define HAVE_SASL 1
| /* end confdefs.h.  */
| 
| int
| main ()
| {
| 
|   ;
|   return 0;
| }
configure:20570: result: no
configure:20583: checking for how to force completely read-only GOT table
configure:20596: result: -Wl,-z -Wl,relro -Wl,-z -Wl,now
configure:20600: checking for how to avoid indirect lib deps
configure:20610: result: -Wl,--no-copy-dt-needed-entries
configure:20699: checking for -fvisibility
configure:20711: gcc -std=gnu99 -c -g -O2   -pthread -lm -lrt conftest.c >&5
configure:20711: $? = 0
configure:20719: result: yes
configure:20723: checking if -Wl,--version-script works
configure:20741: gcc -std=gnu99 -o conftest -g -O2   -pthread -lm -lrt  -Wl,--version-script=./server/spice-server.syms conftest.c  >&5
configure:20741: $? = 0
configure:20750: result: yes
configure:20778: checking whether make supports nested variables
configure:20795: result: yes
configure:20917: checking that generated files are newer than configure
configure:20923: result: done
configure:21019: creating ./config.status

## ---------------------- ##
## Running config.status. ##
## ---------------------- ##

This file was extended by spice config.status 0.12.5, which was
generated by GNU Autoconf 2.69.  Invocation command line was

  CONFIG_FILES    = 
  CONFIG_HEADERS  = 
  CONFIG_LINKS    = 
  CONFIG_COMMANDS = 
  $ ./config.status 

on Host10-6.zhicloud

config.status:1272: creating Makefile
config.status:1272: creating spice-server.pc
config.status:1272: creating server/Makefile
config.status:1272: creating server/tests/Makefile
config.status:1272: creating client/Makefile
config.status:1272: creating docs/Makefile
config.status:1272: creating docs/manual/Makefile
config.status:1272: creating config.h
config.status:1453: config.h is unchanged
config.status:1501: executing depfiles commands
config.status:1501: executing libtool commands
configure:23580: === configuring in spice-common (/home/lichenxiang/spice-0.12.5/spice-common)
configure:23643: running /bin/sh ./configure --disable-option-checking '--prefix=/home/lichenxiang/opt'  'PKG_CONFIG_PATH=/home/lichenxiang/opt/lib/pkgconfig' --cache-file=/dev/null --srcdir=.

## ---------------- ##
## Cache variables. ##
## ---------------- ##

ac_cv_build=x86_64-unknown-linux-gnu
ac_cv_c_bigendian=no
ac_cv_c_compiler_gnu=yes
ac_cv_cxx_compiler_gnu=yes
ac_cv_env_ALSA_CFLAGS_set=
ac_cv_env_ALSA_CFLAGS_value=
ac_cv_env_ALSA_LIBS_set=
ac_cv_env_ALSA_LIBS_value=
ac_cv_env_CAC_CARD_CFLAGS_set=
ac_cv_env_CAC_CARD_CFLAGS_value=
ac_cv_env_CAC_CARD_LIBS_set=
ac_cv_env_CAC_CARD_LIBS_value=
ac_cv_env_CCC_set=
ac_cv_env_CCC_value=
ac_cv_env_CC_set=
ac_cv_env_CC_value=
ac_cv_env_CEGUI06_CFLAGS_set=
ac_cv_env_CEGUI06_CFLAGS_value=
ac_cv_env_CEGUI06_LIBS_set=
ac_cv_env_CEGUI06_LIBS_value=
ac_cv_env_CEGUI_CFLAGS_set=
ac_cv_env_CEGUI_CFLAGS_value=
ac_cv_env_CEGUI_LIBS_set=
ac_cv_env_CEGUI_LIBS_value=
ac_cv_env_CELT051_CFLAGS_set=
ac_cv_env_CELT051_CFLAGS_value=
ac_cv_env_CELT051_LIBS_set=
ac_cv_env_CELT051_LIBS_value=
ac_cv_env_CFLAGS_set=
ac_cv_env_CFLAGS_value=
ac_cv_env_CPPFLAGS_set=
ac_cv_env_CPPFLAGS_value=
ac_cv_env_CPP_set=
ac_cv_env_CPP_value=
ac_cv_env_CXXCPP_set=
ac_cv_env_CXXCPP_value=
ac_cv_env_CXXFLAGS_set=
ac_cv_env_CXXFLAGS_value=
ac_cv_env_CXX_set=
ac_cv_env_CXX_value=
ac_cv_env_FFMPEG_CFLAGS_set=
ac_cv_env_FFMPEG_CFLAGS_value=
ac_cv_env_FFMPEG_LIBS_set=
ac_cv_env_FFMPEG_LIBS_value=
ac_cv_env_GLIB2_CFLAGS_set=
ac_cv_env_GLIB2_CFLAGS_value=
ac_cv_env_GLIB2_LIBS_set=
ac_cv_env_GLIB2_LIBS_value=
ac_cv_env_LDFLAGS_set=
ac_cv_env_LDFLAGS_value=
ac_cv_env_LIBS_set=
ac_cv_env_LIBS_value=
ac_cv_env_MISC_X_CFLAGS_set=
ac_cv_env_MISC_X_CFLAGS_value=
ac_cv_env_MISC_X_LIBS_set=
ac_cv_env_MISC_X_LIBS_value=
ac_cv_env_PIXMAN_CFLAGS_set=
ac_cv_env_PIXMAN_CFLAGS_value=
ac_cv_env_PIXMAN_LIBS_set=
ac_cv_env_PIXMAN_LIBS_value=
ac_cv_env_PKG_CONFIG_LIBDIR_set=
ac_cv_env_PKG_CONFIG_LIBDIR_value=
ac_cv_env_PKG_CONFIG_PATH_set=set
ac_cv_env_PKG_CONFIG_PATH_value=/home/lichenxiang/opt/lib/pkgconfig
ac_cv_env_PKG_CONFIG_set=
ac_cv_env_PKG_CONFIG_value=
ac_cv_env_SSL_CFLAGS_set=
ac_cv_env_SSL_CFLAGS_value=
ac_cv_env_SSL_LIBS_set=
ac_cv_env_SSL_LIBS_value=
ac_cv_env_XFIXES_CFLAGS_set=
ac_cv_env_XFIXES_CFLAGS_value=
ac_cv_env_XFIXES_LIBS_set=
ac_cv_env_XFIXES_LIBS_value=
ac_cv_env_XINERAMA_CFLAGS_set=
ac_cv_env_XINERAMA_CFLAGS_value=
ac_cv_env_XINERAMA_LIBS_set=
ac_cv_env_XINERAMA_LIBS_value=
ac_cv_env_XRANDR12_CFLAGS_set=
ac_cv_env_XRANDR12_CFLAGS_value=
ac_cv_env_XRANDR12_LIBS_set=
ac_cv_env_XRANDR12_LIBS_value=
ac_cv_env_XRANDR_CFLAGS_set=
ac_cv_env_XRANDR_CFLAGS_value=
ac_cv_env_XRANDR_LIBS_set=
ac_cv_env_XRANDR_LIBS_value=
ac_cv_env_build_alias_set=
ac_cv_env_build_alias_value=
ac_cv_env_host_alias_set=
ac_cv_env_host_alias_value=
ac_cv_env_target_alias_set=
ac_cv_env_target_alias_value=
ac_cv_func_alloca_works=yes
ac_cv_header_dlfcn_h=yes
ac_cv_header_execinfo_h=yes
ac_cv_header_inttypes_h=yes
ac_cv_header_linux_sockios_h=yes
ac_cv_header_memory_h=yes
ac_cv_header_sasl_sasl_h=yes
ac_cv_header_stdc=yes
ac_cv_header_stdint_h=yes
ac_cv_header_stdlib_h=yes
ac_cv_header_string_h=yes
ac_cv_header_strings_h=yes
ac_cv_header_sys_stat_h=yes
ac_cv_header_sys_time_h=yes
ac_cv_header_sys_types_h=yes
ac_cv_header_unistd_h=yes
ac_cv_host=x86_64-unknown-linux-gnu
ac_cv_lib_jpeg_jpeg_destroy_decompress=yes
ac_cv_lib_m_cos=yes
ac_cv_lib_rt_clock_gettime=yes
ac_cv_lib_sasl2_sasl_client_init=yes
ac_cv_lib_z_deflate=yes
ac_cv_objext=o
ac_cv_path_A2X=/usr/bin/a2x
ac_cv_path_ASCIIDOC=/usr/bin/asciidoc
ac_cv_path_EGREP='/bin/grep -E'
ac_cv_path_FGREP='/bin/grep -F'
ac_cv_path_GREP=/bin/grep
ac_cv_path_PYTHON=/usr/bin/python2
ac_cv_path_SED=/bin/sed
ac_cv_path_ac_pt_PKG_CONFIG=/usr/bin/pkg-config
ac_cv_path_install='/usr/bin/install -c'
ac_cv_path_mkdir=/bin/mkdir
ac_cv_prog_AWK=gawk
ac_cv_prog_CPP='gcc -std=gnu99 -E'
ac_cv_prog_CXXCPP='g++ -E'
ac_cv_prog_ac_ct_AR=ar
ac_cv_prog_ac_ct_CC=gcc
ac_cv_prog_ac_ct_CXX=g++
ac_cv_prog_ac_ct_OBJDUMP=objdump
ac_cv_prog_ac_ct_RANLIB=ranlib
ac_cv_prog_ac_ct_STRIP=strip
ac_cv_prog_cc_c89=
ac_cv_prog_cc_c99=-std=gnu99
ac_cv_prog_cc_g=yes
ac_cv_prog_cxx_g=yes
ac_cv_prog_make_make_set=yes
ac_cv_type_size_t=yes
ac_cv_working_alloca_h=yes
am_cv_CC_dependencies_compiler_type=gcc3
am_cv_CXX_dependencies_compiler_type=gcc3
am_cv_ar_interface=ar
am_cv_make_support_nested_variables=yes
am_cv_prog_cc_c_o=yes
gl_cv_cc_nomfi_needed=yes
gl_cv_cc_nomfi_supported=yes
gl_cv_warn_c__W=yes
gl_cv_warn_c__Waggregate_return=yes
gl_cv_warn_c__Wall=yes
gl_cv_warn_c__Wattributes=yes
gl_cv_warn_c__Wbuiltin_macro_redefined=yes
gl_cv_warn_c__Wcast_align=yes
gl_cv_warn_c__Wcoverage_mismatch=yes
gl_cv_warn_c__Wcpp=no
gl_cv_warn_c__Wdeprecated_declarations=yes
gl_cv_warn_c__Wdisabled_optimization=yes
gl_cv_warn_c__Wdiv_by_zero=yes
gl_cv_warn_c__Wdouble_promotion=no
gl_cv_warn_c__Wendif_labels=yes
gl_cv_warn_c__Werror__Wunknown_warning_option=no
gl_cv_warn_c__Wextra=yes
gl_cv_warn_c__Wformat_2=yes
gl_cv_warn_c__Wformat_contains_nul=yes
gl_cv_warn_c__Wformat_extra_args=yes
gl_cv_warn_c__Wformat_security=yes
gl_cv_warn_c__Wformat_y2k=yes
gl_cv_warn_c__Wformat_zero_length=yes
gl_cv_warn_c__Wframe_larger_than_20460=yes
gl_cv_warn_c__Winit_self=yes
gl_cv_warn_c__Winvalid_pch=yes
gl_cv_warn_c__Wjump_misses_init=no
gl_cv_warn_c__Wlogical_op=yes
gl_cv_warn_c__Wmissing_include_dirs=yes
gl_cv_warn_c__Wmissing_noreturn=yes
gl_cv_warn_c__Wmudflap=yes
gl_cv_warn_c__Wmultichar=yes
gl_cv_warn_c__Wnested_externs=yes
gl_cv_warn_c__Wno_format_nonliteral=yes
gl_cv_warn_c__Wno_ignored_qualifiers=yes
gl_cv_warn_c__Wno_missing_field_initializers=yes
gl_cv_warn_c__Wno_sign_compare=yes
gl_cv_warn_c__Wno_suggest_attribute_const=no
gl_cv_warn_c__Wno_suggest_attribute_pure=no
gl_cv_warn_c__Wno_unused_parameter=yes
gl_cv_warn_c__Wnormalized_nfc=yes
gl_cv_warn_c__Wold_style_definition=yes
gl_cv_warn_c__Woverflow=yes
gl_cv_warn_c__Wpacked_bitfield_compat=yes
gl_cv_warn_c__Wpointer_arith=yes
gl_cv_warn_c__Wpointer_to_int_cast=yes
gl_cv_warn_c__Wpragmas=yes
gl_cv_warn_c__Wredundant_decls=yes
gl_cv_warn_c__Wstrict_aliasing=yes
gl_cv_warn_c__Wstrict_prototypes=yes
gl_cv_warn_c__Wsuggest_attribute_const=no
gl_cv_warn_c__Wsuggest_attribute_noreturn=no
gl_cv_warn_c__Wsuggest_attribute_pure=no
gl_cv_warn_c__Wsync_nand=yes
gl_cv_warn_c__Wtrampolines=no
gl_cv_warn_c__Wunknown_pragmas=yes
gl_cv_warn_c__Wunused=yes
gl_cv_warn_c__Wvolatile_register_var=yes
gl_cv_warn_c__Wwrite_strings=yes
gl_cv_warn_c___param_ssp_buffer_size_4=yes
gl_cv_warn_c__fasynchronous_unwind_tables=yes
gl_cv_warn_c__fdiagnostics_show_option=yes
gl_cv_warn_c__fexceptions=yes
gl_cv_warn_c__fipa_pure_const=yes
gl_cv_warn_c__fstack_protector_all=yes
gl_cv_warn_c__funit_at_a_time=yes
lt_cv_ar_at_file=@
lt_cv_archive_cmds_need_lc=no
lt_cv_deplibs_check_method=pass_all
lt_cv_file_magic_cmd='$MAGIC_CMD'
lt_cv_file_magic_test_file=
lt_cv_ld_reload_flag=-r
lt_cv_nm_interface='BSD nm'
lt_cv_objdir=.libs
lt_cv_path_LD=/usr/bin/ld
lt_cv_path_LDCXX='/usr/bin/ld -m elf_x86_64'
lt_cv_path_NM='/usr/bin/nm -B'
lt_cv_path_mainfest_tool=no
lt_cv_prog_compiler_c_o=yes
lt_cv_prog_compiler_c_o_CXX=yes
lt_cv_prog_compiler_pic='-fPIC -DPIC'
lt_cv_prog_compiler_pic_CXX='-fPIC -DPIC'
lt_cv_prog_compiler_pic_works=yes
lt_cv_prog_compiler_pic_works_CXX=yes
lt_cv_prog_compiler_rtti_exceptions=no
lt_cv_prog_compiler_static_works=yes
lt_cv_prog_compiler_static_works_CXX=yes
lt_cv_prog_gnu_ld=yes
lt_cv_prog_gnu_ldcxx=yes
lt_cv_sharedlib_from_linklib_cmd='printf %s\n'
lt_cv_shlibpath_overrides_runpath=no
lt_cv_sys_global_symbol_pipe='sed -n -e '\''s/^.*[	 ]\([ABCDGIRSTW][ABCDGIRSTW]*\)[	 ][	 ]*\([_A-Za-z][_A-Za-z0-9]*\)$/\1 \2 \2/p'\'' | sed '\''/ __gnu_lto/d'\'''
lt_cv_sys_global_symbol_to_c_name_address='sed -n -e '\''s/^: \([^ ]*\)[ ]*$/  {\"\1\", (void *) 0},/p'\'' -e '\''s/^[ABCDGIRSTW]* \([^ ]*\) \([^ ]*\)$/  {"\2", (void *) \&\2},/p'\'''
lt_cv_sys_global_symbol_to_c_name_address_lib_prefix='sed -n -e '\''s/^: \([^ ]*\)[ ]*$/  {\"\1\", (void *) 0},/p'\'' -e '\''s/^[ABCDGIRSTW]* \([^ ]*\) \(lib[^ ]*\)$/  {"\2", (void *) \&\2},/p'\'' -e '\''s/^[ABCDGIRSTW]* \([^ ]*\) \([^ ]*\)$/  {"lib\2", (void *) \&\2},/p'\'''
lt_cv_sys_global_symbol_to_cdecl='sed -n -e '\''s/^T .* \(.*\)$/extern int \1();/p'\'' -e '\''s/^[ABCDGIRSTW]* .* \(.*\)$/extern char \1;/p'\'''
lt_cv_sys_max_cmd_len=1966080
lt_cv_to_host_file_cmd=func_convert_file_noop
lt_cv_to_tool_file_cmd=func_convert_file_noop
pkg_cv_CELT051_CFLAGS=' '
pkg_cv_CELT051_LIBS='-lcelt051 -lm  '
pkg_cv_GLIB2_CFLAGS='-I/usr/include/glib-2.0 -I/usr/lib64/glib-2.0/include  '
pkg_cv_GLIB2_LIBS='-lglib-2.0  '
pkg_cv_PIXMAN_CFLAGS='-I/usr/include/pixman-1  '
pkg_cv_PIXMAN_LIBS='-lpixman-1  '
pkg_cv_SSL_CFLAGS=' '
pkg_cv_SSL_LIBS='-lssl -lcrypto  '
pkg_cv_XINERAMA_CFLAGS=' '
pkg_cv_XINERAMA_LIBS='-lXinerama  '
spice_cv_ld_version_script=yes

## ----------------- ##
## Output variables. ##
## ----------------- ##

A2X='/usr/bin/a2x'
ACLOCAL='${SHELL} /home/lichenxiang/spice-0.12.5/missing aclocal-1.14'
ALLOCA=''
ALSA_CFLAGS=''
ALSA_LIBS=''
AMDEPBACKSLASH='\'
AMDEP_FALSE='#'
AMDEP_TRUE=''
AMTAR='$${TAR-tar}'
AM_BACKSLASH='\'
AM_DEFAULT_V='$(AM_DEFAULT_VERBOSITY)'
AM_DEFAULT_VERBOSITY='0'
AM_V='$(V)'
AR='ar'
ASCIIDOC='/usr/bin/asciidoc'
AUTOCONF='${SHELL} /home/lichenxiang/spice-0.12.5/missing autoconf'
AUTOHEADER='${SHELL} /home/lichenxiang/spice-0.12.5/missing autoheader'
AUTOMAKE='${SHELL} /home/lichenxiang/spice-0.12.5/missing automake-1.14'
AWK='gawk'
BUILD_CHUNKED_MANUAL_FALSE='#'
BUILD_CHUNKED_MANUAL_TRUE=''
BUILD_HTML_MANUAL_FALSE='#'
BUILD_HTML_MANUAL_TRUE=''
BUILD_MANUAL_FALSE='#'
BUILD_MANUAL_TRUE=''
CAC_CARD_CFLAGS=''
CAC_CARD_LIBS=''
CC='gcc -std=gnu99'
CCDEPMODE='depmode=gcc3'
CEGUI06_CFLAGS=''
CEGUI06_LIBS=''
CEGUI_CFLAGS=''
CEGUI_LIBS=''
CELT051_CFLAGS=' '
CELT051_LIBS='-lcelt051 -lm  '
CFLAGS='-g -O2'
CFLAGS_CFLAGS=''
COMMON_CFLAGS='-I ${top_srcdir}/spice-common/ -I ${top_builddir}/spice-common/ -I ${top_srcdir}/spice-common/spice-protocol/'
CPP='gcc -std=gnu99 -E'
CPPFLAGS='  -pthread -lm -lrt'
CXIMAGE_CFLAGS=''
CXX='g++'
CXXCPP='g++ -E'
CXXDEPMODE='depmode=gcc3'
CXXFLAGS='-g -O2'
CYGPATH_W='echo'
DEFS='-DHAVE_CONFIG_H'
DEPDIR='.deps'
DLLTOOL='false'
DSYMUTIL=''
DUMPBIN=''
ECHO_C=''
ECHO_N='-n'
ECHO_T=''
EGREP='/bin/grep -E'
EXEEXT=''
FFMPEG_CFLAGS='-I/home/lichenxiang/opt//include  '
FFMPEG_LIBS='-L/home/lichenxiang/opt//lib -lavcodec -lavformat -lavutil -lswresample -lswscale -lx264  '
FGREP='/bin/grep -F'
GLIB2_CFLAGS='-I/usr/include/glib-2.0 -I/usr/lib64/glib-2.0/include  '
GLIB2_LIBS='-lglib-2.0  '
GL_CFLAGS=''
GL_LIBS=''
GREP='/bin/grep'
HAVE_LD_VERSION_SCRIPT_FALSE='#'
HAVE_LD_VERSION_SCRIPT_TRUE=''
HAVE_SASL_FALSE='#'
HAVE_SASL_TRUE=''
HAVE_XINERAMA_FALSE='#'
HAVE_XINERAMA_TRUE=''
HAVE_XRANDR12_FALSE=''
HAVE_XRANDR12_TRUE='#'
INSTALL_DATA='${INSTALL} -m 644'
INSTALL_PROGRAM='${INSTALL}'
INSTALL_SCRIPT='${INSTALL}'
INSTALL_STRIP_PROGRAM='$(install_sh) -c -s'
JPEG_LIBS='-ljpeg'
LD='/usr/bin/ld -m elf_x86_64'
LDFLAGS=''
LIBM='-lm'
LIBOBJS=''
LIBRT='-lrt'
LIBS=''
LIBTOOL='$(SHELL) $(top_builddir)/libtool'
LIPO=''
LN_S='ln -s'
LTLIBOBJS=''
MAINT='#'
MAINTAINER_MODE_FALSE=''
MAINTAINER_MODE_TRUE='#'
MAKEINFO='${SHELL} /home/lichenxiang/spice-0.12.5/missing makeinfo'
MANIFEST_TOOL=':'
MISC_X_CFLAGS=''
MISC_X_LIBS=''
MKDIR_P='/bin/mkdir -p'
NM='/usr/bin/nm -B'
NMEDIT=''
NO_INDIRECT_LDFLAGS='-Wl,--no-copy-dt-needed-entries'
OBJDUMP='objdump'
OBJEXT='o'
OS_LINUX_FALSE='#'
OS_LINUX_TRUE=''
OS_UNIX_FALSE='#'
OS_UNIX_TRUE=''
OS_WIN32_FALSE=''
OS_WIN32_TRUE='#'
OTOOL64=''
OTOOL=''
PACKAGE='spice'
PACKAGE_BUGREPORT='spice-devel@lists.freedesktop.org'
PACKAGE_NAME='spice'
PACKAGE_STRING='spice 0.12.5'
PACKAGE_TARNAME='spice'
PACKAGE_URL=''
PACKAGE_VERSION='0.12.5'
PATH_SEPARATOR=':'
PIXMAN_CFLAGS='-I/usr/include/pixman-1  '
PIXMAN_LIBS='-lpixman-1  '
PKG_CONFIG='/usr/bin/pkg-config'
PKG_CONFIG_LIBDIR=''
PKG_CONFIG_PATH='/home/lichenxiang/opt/lib/pkgconfig'
PYTHON='/usr/bin/python2'
RANLIB='ranlib'
RELRO_LDFLAGS='-Wl,-z -Wl,relro -Wl,-z -Wl,now'
SASL_CFLAGS=''
SASL_LIBS=' -lsasl2'
SED='/bin/sed'
SET_MAKE=''
SHELL='/bin/sh'
SMARTCARD_CFLAGS=''
SMARTCARD_LIBS=''
SPICEC_STATIC_LINKAGE_BSTATIC=''
SPICE_LT_VERSION='10:0:9'
SPICE_NONPKGCONFIG_CFLAGS=''
SPICE_NONPKGCONFIG_LIBS=' -pthread -lm -lrt '
SPICE_REQUIRES=' glib-2.0 >= 2.22 pixman-1 >= 0.17.7 celt051 >= 0.5.1.1 openssl xinerama'
SSL_CFLAGS=' '
SSL_LIBS='-lssl -lcrypto  '
STRIP='strip'
SUPPORT_AUTOMATED_TESTS_FALSE=''
SUPPORT_AUTOMATED_TESTS_TRUE='#'
SUPPORT_CLIENT_FALSE=''
SUPPORT_CLIENT_TRUE='#'
SUPPORT_GL_FALSE=''
SUPPORT_GL_TRUE='#'
SUPPORT_GUI_FALSE=''
SUPPORT_GUI_TRUE='#'
SUPPORT_SMARTCARD_FALSE=''
SUPPORT_SMARTCARD_TRUE='#'
VERSION='0.12.5'
VISIBILITY_HIDDEN_CFLAGS='-fvisibility=hidden'
WARN_CFLAGS=' -Wall -W -Wformat-y2k -Wformat-security -Winit-self -Wmissing-include-dirs -Wunused -Wunknown-pragmas -Wstrict-aliasing -Wpointer-arith -Wcast-align -Wwrite-strings -Wlogical-op -Wmissing-noreturn -Wredundant-decls -Winvalid-pch -Wvolatile-register-var -Wdisabled-optimization -Wbuiltin-macro-redefined -Wmudflap -Wpacked-bitfield-compat -Wsync-nand -Wattributes -Wcoverage-mismatch -Wmultichar -Wdeprecated-declarations -Wdiv-by-zero -Wendif-labels -Wextra -Wformat-contains-nul -Wformat-extra-args -Wformat=2 -Wmultichar -Wnormalized=nfc -Woverflow -Wpragmas -Wno-missing-field-initializers -Wno-sign-compare -Wno-unused-parameter -Wno-format-nonliteral -Wno-ignored-qualifiers -Wno-format-nonliteral -Wframe-larger-than=20460 -fstack-protector-all --param=ssp-buffer-size=4 -fexceptions -fasynchronous-unwind-tables -fdiagnostics-show-option -funit-at-a-time -fipa-pure-const -Waggregate-return -Wstrict-prototypes -Wold-style-definition -Wnested-externs -Wformat-zero-length -Wpointer-to-int-cast'
WARN_CXXFLAGS=' -Wall -W -Wformat-y2k -Wformat-security -Winit-self -Wmissing-include-dirs -Wunused -Wunknown-pragmas -Wstrict-aliasing -Wpointer-arith -Wcast-align -Wwrite-strings -Wlogical-op -Wmissing-noreturn -Wredundant-decls -Winvalid-pch -Wvolatile-register-var -Wdisabled-optimization -Wbuiltin-macro-redefined -Wmudflap -Wpacked-bitfield-compat -Wsync-nand -Wattributes -Wcoverage-mismatch -Wmultichar -Wdeprecated-declarations -Wdiv-by-zero -Wendif-labels -Wextra -Wformat-contains-nul -Wformat-extra-args -Wformat=2 -Wmultichar -Wnormalized=nfc -Woverflow -Wpragmas -Wno-missing-field-initializers -Wno-sign-compare -Wno-unused-parameter -Wno-format-nonliteral -Wno-ignored-qualifiers -Wno-format-nonliteral -Wframe-larger-than=20460 -fstack-protector-all --param=ssp-buffer-size=4 -fexceptions -fasynchronous-unwind-tables -fdiagnostics-show-option -funit-at-a-time -fipa-pure-const'
WARN_LDFLAGS=' -Wall -W -Wformat-y2k -Wformat-security -Winit-self -Wmissing-include-dirs -Wunused -Wunknown-pragmas -Wstrict-aliasing -Wpointer-arith -Wcast-align -Wwrite-strings -Wlogical-op -Wmissing-noreturn -Wredundant-decls -Winvalid-pch -Wvolatile-register-var -Wdisabled-optimization -Wbuiltin-macro-redefined -Wmudflap -Wpacked-bitfield-compat -Wsync-nand -Wattributes -Wcoverage-mismatch -Wmultichar -Wdeprecated-declarations -Wdiv-by-zero -Wendif-labels -Wextra -Wformat-contains-nul -Wformat-extra-args -Wformat=2 -Wmultichar -Wnormalized=nfc -Woverflow -Wpragmas -Wno-missing-field-initializers -Wno-sign-compare -Wno-unused-parameter -Wno-format-nonliteral -Wno-ignored-qualifiers -Wno-format-nonliteral -Wframe-larger-than=20460 -fstack-protector-all --param=ssp-buffer-size=4 -fexceptions -fasynchronous-unwind-tables -fdiagnostics-show-option -funit-at-a-time -fipa-pure-const -Waggregate-return -Wstrict-prototypes -Wold-style-definition -Wnested-externs -Wformat-zero-length -Wpointer-to-int-cast'
WINDRES=''
X86_64_FALSE='#'
X86_64_TRUE=''
XFIXES_CFLAGS=''
XFIXES_LIBS=''
XINERAMA_CFLAGS=' '
XINERAMA_LIBS='-lXinerama  '
XRANDR12_CFLAGS=''
XRANDR12_LIBS=''
XRANDR_CFLAGS=''
XRANDR_LIBS=''
Z_LIBS='-lz'
ac_ct_AR='ar'
ac_ct_CC='gcc'
ac_ct_CXX='g++'
ac_ct_DUMPBIN=''
am__EXEEXT_FALSE=''
am__EXEEXT_TRUE='#'
am__fastdepCC_FALSE='#'
am__fastdepCC_TRUE=''
am__fastdepCXX_FALSE='#'
am__fastdepCXX_TRUE=''
am__include='include'
am__isrc=''
am__leading_dot='.'
am__nodep='_no'
am__quote=''
am__tar='$${TAR-tar} chof - "$$tardir"'
am__untar='$${TAR-tar} xf -'
bindir='${exec_prefix}/bin'
build='x86_64-unknown-linux-gnu'
build_alias=''
build_cpu='x86_64'
build_os='linux-gnu'
build_vendor='unknown'
datadir='${datarootdir}'
datarootdir='${prefix}/share'
docdir='${datarootdir}/doc/${PACKAGE_TARNAME}'
dvidir='${docdir}'
exec_prefix='${prefix}'
host='x86_64-unknown-linux-gnu'
host_alias=''
host_cpu='x86_64'
host_os='linux-gnu'
host_vendor='unknown'
htmldir='${docdir}'
includedir='${prefix}/include'
infodir='${datarootdir}/info'
install_sh='${SHELL} /home/lichenxiang/spice-0.12.5/install-sh'
libdir='${exec_prefix}/lib'
libexecdir='${exec_prefix}/libexec'
localedir='${datarootdir}/locale'
localstatedir='${prefix}/var'
mandir='${datarootdir}/man'
mkdir_p='$(MKDIR_P)'
oldincludedir='/usr/include'
pdfdir='${docdir}'
prefix='/home/lichenxiang/opt'
program_transform_name='s,x,x,'
psdir='${docdir}'
sbindir='${exec_prefix}/sbin'
sharedstatedir='${prefix}/com'
subdirs=' spice-common'
sysconfdir='${prefix}/etc'
target_alias=''

## ----------- ##
## confdefs.h. ##
## ----------- ##

/* confdefs.h */
#define PACKAGE_NAME "spice"
#define PACKAGE_TARNAME "spice"
#define PACKAGE_VERSION "0.12.5"
#define PACKAGE_STRING "spice 0.12.5"
#define PACKAGE_BUGREPORT "spice-devel@lists.freedesktop.org"
#define PACKAGE_URL ""
#define PACKAGE "spice"
#define VERSION "0.12.5"
#define STDC_HEADERS 1
#define HAVE_SYS_TYPES_H 1
#define HAVE_SYS_STAT_H 1
#define HAVE_STDLIB_H 1
#define HAVE_STRING_H 1
#define HAVE_MEMORY_H 1
#define HAVE_STRINGS_H 1
#define HAVE_INTTYPES_H 1
#define HAVE_STDINT_H 1
#define HAVE_UNISTD_H 1
#define HAVE_DLFCN_H 1
#define LT_OBJDIR ".libs/"
#define HAVE_SYS_TIME_H 1
#define HAVE_EXECINFO_H 1
#define HAVE_LINUX_SOCKIOS_H 1
#define HAVE_ALLOCA_H 1
#define HAVE_ALLOCA 1
#define __STDC_FORMAT_MACROS /**/
#define HAVE_CLOCK_GETTIME 1
#define POSIX_YIELD_FUNC pthread_yield()
#define HAVE_XINERAMA /**/
#define HAVE_SASL 1

configure: exit 0
