This file contains any messages produced by compilers while
running configure, to aid debugging if configure makes a mistake.

It was created by spice-protocol configure 0.12.6, which was
generated by GNU Autoconf 2.69.  Invocation command line was

  $ ./configure --disable-option-checking --prefix=/home/lichenxiang/opt PKG_CONFIG_PATH=/home/lichenxiang/opt/lib/pkgconfig --cache-file=/dev/null --srcdir=.

## --------- ##
## Platform. ##
## --------- ##

hostname = Host10-6.zhicloud
uname -m = x86_64
uname -r = 2.6.32-504.30.3.el6.x86_64
uname -s = Linux
uname -v = #1 SMP Wed Jul 15 10:13:09 UTC 2015

/usr/bin/uname -p = unknown
/bin/uname -X     = unknown

/bin/arch              = x86_64
/usr/bin/arch -k       = unknown
/usr/convex/getsysinfo = unknown
/usr/bin/hostinfo      = unknown
/bin/machine           = unknown
/usr/bin/oslevel       = unknown
/bin/universe          = unknown

PATH: /usr/local/sbin
PATH: /usr/local/bin
PATH: /sbin
PATH: /bin
PATH: /usr/sbin
PATH: /usr/bin
PATH: /root/bin


## ----------- ##
## Core tests. ##
## ----------- ##

configure:1761: checking for a BSD-compatible install
configure:1829: result: /usr/bin/install -c
configure:1840: checking whether build environment is sane
configure:1895: result: yes
configure:2046: checking for a thread-safe mkdir -p
configure:2085: result: /bin/mkdir -p
configure:2092: checking for gawk
configure:2108: found /bin/gawk
configure:2119: result: gawk
configure:2130: checking whether make sets $(MAKE)
configure:2152: result: yes
configure:2181: checking whether make supports nested variables
configure:2198: result: yes
configure:2324: checking whether to enable maintainer-specific portions of Makefiles
configure:2333: result: no
configure:2358: checking whether make supports nested variables
configure:2375: result: yes
configure:2497: checking that generated files are newer than configure
configure:2503: result: done
configure:2515: creating ./config.status

## ---------------------- ##
## Running config.status. ##
## ---------------------- ##

This file was extended by spice-protocol config.status 0.12.6, which was
generated by GNU Autoconf 2.69.  Invocation command line was

  CONFIG_FILES    = 
  CONFIG_HEADERS  = 
  CONFIG_LINKS    = 
  CONFIG_COMMANDS = 
  $ ./config.status 

on Host10-6.zhicloud

config.status:814: creating Makefile
config.status:814: creating spice-protocol.pc
config.status:814: creating spice/Makefile
config.status:814: creating config.h
config.status:995: config.h is unchanged

## ---------------- ##
## Cache variables. ##
## ---------------- ##

ac_cv_env_build_alias_set=
ac_cv_env_build_alias_value=
ac_cv_env_host_alias_set=
ac_cv_env_host_alias_value=
ac_cv_env_target_alias_set=
ac_cv_env_target_alias_value=
ac_cv_path_install='/usr/bin/install -c'
ac_cv_path_mkdir=/bin/mkdir
ac_cv_prog_AWK=gawk
ac_cv_prog_make_make_set=yes
am_cv_make_support_nested_variables=yes

## ----------------- ##
## Output variables. ##
## ----------------- ##

ACLOCAL='${SHELL} /home/lichenxiang/spice-0.12.5/spice-common/spice-protocol/missing aclocal-1.14'
AMTAR='$${TAR-tar}'
AM_BACKSLASH='\'
AM_DEFAULT_V='$(AM_DEFAULT_VERBOSITY)'
AM_DEFAULT_VERBOSITY='0'
AM_V='$(V)'
AUTOCONF='${SHELL} /home/lichenxiang/spice-0.12.5/spice-common/spice-protocol/missing autoconf'
AUTOHEADER='${SHELL} /home/lichenxiang/spice-0.12.5/spice-common/spice-protocol/missing autoheader'
AUTOMAKE='${SHELL} /home/lichenxiang/spice-0.12.5/spice-common/spice-protocol/missing automake-1.14'
AWK='gawk'
CYGPATH_W='echo'
DEFS='-DHAVE_CONFIG_H'
ECHO_C=''
ECHO_N='-n'
ECHO_T=''
INSTALL_DATA='${INSTALL} -m 644'
INSTALL_PROGRAM='${INSTALL}'
INSTALL_SCRIPT='${INSTALL}'
INSTALL_STRIP_PROGRAM='$(install_sh) -c -s'
LIBOBJS=''
LIBS=''
LTLIBOBJS=''
MAINT='#'
MAINTAINER_MODE_FALSE=''
MAINTAINER_MODE_TRUE='#'
MAKEINFO='${SHELL} /home/lichenxiang/spice-0.12.5/spice-common/spice-protocol/missing makeinfo'
MKDIR_P='/bin/mkdir -p'
PACKAGE='spice-protocol'
PACKAGE_BUGREPORT=''
PACKAGE_NAME='spice-protocol'
PACKAGE_STRING='spice-protocol 0.12.6'
PACKAGE_TARNAME='spice-protocol'
PACKAGE_URL=''
PACKAGE_VERSION='0.12.6'
PATH_SEPARATOR=':'
SET_MAKE=''
SHELL='/bin/sh'
STRIP=''
VERSION='0.12.6'
am__isrc=''
am__leading_dot='.'
am__tar='$${TAR-tar} chof - "$$tardir"'
am__untar='$${TAR-tar} xf -'
bindir='${exec_prefix}/bin'
build_alias=''
datadir='${datarootdir}'
datarootdir='${prefix}/share'
docdir='${datarootdir}/doc/${PACKAGE_TARNAME}'
dvidir='${docdir}'
exec_prefix='${prefix}'
host_alias=''
htmldir='${docdir}'
includedir='${prefix}/include'
infodir='${datarootdir}/info'
install_sh='${SHELL} /home/lichenxiang/spice-0.12.5/spice-common/spice-protocol/install-sh'
libdir='${exec_prefix}/lib'
libexecdir='${exec_prefix}/libexec'
localedir='${datarootdir}/locale'
localstatedir='${prefix}/var'
mandir='${datarootdir}/man'
mkdir_p='$(MKDIR_P)'
oldincludedir='/usr/include'
pdfdir='${docdir}'
prefix='/home/lichenxiang/opt'
program_transform_name='s,x,x,'
psdir='${docdir}'
sbindir='${exec_prefix}/sbin'
sharedstatedir='${prefix}/com'
sysconfdir='${prefix}/etc'
target_alias=''

## ----------- ##
## confdefs.h. ##
## ----------- ##

/* confdefs.h */
#define PACKAGE_NAME "spice-protocol"
#define PACKAGE_TARNAME "spice-protocol"
#define PACKAGE_VERSION "0.12.6"
#define PACKAGE_STRING "spice-protocol 0.12.6"
#define PACKAGE_BUGREPORT ""
#define PACKAGE_URL ""
#define PACKAGE "spice-protocol"
#define VERSION "0.12.6"

configure: exit 0
