f:\cloud\tool\09 tool\winscp\cloud_teminal\debug\vc120.pdb
f:\cloud\tool\09 tool\winscp\cloud_teminal\debug\moc_myclicklabel.obj
f:\cloud\tool\09 tool\winscp\cloud_teminal\debug\moc_menu_box.obj
f:\cloud\tool\09 tool\winscp\cloud_teminal\debug\moc_mainwindow.obj
f:\cloud\tool\09 tool\winscp\cloud_teminal\debug\moc_cuserpicpanel.obj
f:\cloud\tool\09 tool\winscp\cloud_teminal\debug\moc_cusercard.obj
f:\cloud\tool\09 tool\winscp\cloud_teminal\debug\moc_cnetaboutspilter.obj
f:\cloud\tool\09 tool\winscp\cloud_teminal\debug\moc_cmenuwidget.obj
f:\cloud\tool\09 tool\winscp\cloud_teminal\debug\moc_cloud_terminal.obj
f:\cloud\tool\09 tool\winscp\cloud_teminal\debug\moc_cleftarrawpwdedit.obj
f:\cloud\tool\09 tool\winscp\cloud_teminal\debug\moc_clabel.obj
f:\cloud\tool\09 tool\winscp\cloud_teminal\debug\moc_chostlist.obj
f:\cloud\tool\09 tool\winscp\cloud_teminal\debug\cuserpicpanel.obj
f:\cloud\tool\09 tool\winscp\cloud_teminal\debug\cusercard.obj
f:\cloud\tool\09 tool\winscp\cloud_teminal\debug\common_operater.obj
f:\cloud\tool\09 tool\winscp\cloud_teminal\debug\cnetaboutspilter.obj
f:\cloud\tool\09 tool\winscp\cloud_teminal\debug\cmenuwidget.obj
f:\cloud\tool\09 tool\winscp\cloud_teminal\debug\cloud_terminal.obj
f:\cloud\tool\09 tool\winscp\cloud_teminal\debug\cleftarrawpwdedit.obj
f:\cloud\tool\09 tool\winscp\cloud_teminal\debug\clabel.obj
f:\cloud\tool\09 tool\winscp\cloud_teminal\debug\chostlist.obj
f:\cloud\tool\09 tool\winscp\cloud_teminal\debug\zc_message_box.obj
f:\cloud\tool\09 tool\winscp\cloud_teminal\debug\util.obj
f:\cloud\tool\09 tool\winscp\cloud_teminal\debug\togglebutton.obj
f:\cloud\tool\09 tool\winscp\cloud_teminal\debug\spicemulviewer.obj
f:\cloud\tool\09 tool\winscp\cloud_teminal\debug\ringlist.obj
f:\cloud\tool\09 tool\winscp\cloud_teminal\debug\mytextedit.obj
f:\cloud\tool\09 tool\winscp\cloud_teminal\debug\mylabel.obj
f:\cloud\tool\09 tool\winscp\cloud_teminal\debug\myclicklabel.obj
f:\cloud\tool\09 tool\winscp\cloud_teminal\debug\menu_box.obj
f:\cloud\tool\09 tool\winscp\cloud_teminal\debug\main.obj
f:\cloud\tool\09 tool\winscp\cloud_teminal\debug\log.obj
f:\cloud\tool\09 tool\winscp\cloud_teminal\debug\moc_zc_message_box.obj
f:\cloud\tool\09 tool\winscp\cloud_teminal\debug\moc_togglebutton.obj
f:\cloud\tool\09 tool\winscp\cloud_teminal\debug\moc_spicemulviewer.obj
f:\cloud\tool\09 tool\winscp\cloud_teminal\debug\moc_mytextedit.obj
f:\cloud\tool\09 tool\winscp\cloud_teminal\debug\moc_mylabel.obj
f:\cloud\tool\09 tool\winscp\cloud_teminal\debug\mainwindow.obj
f:\cloud\tool\09 tool\winscp\cloud_teminal\debug\qrc_cloud_terminal.obj
f:\cloud\tool\09 tool\winscp\cloud_teminal\generatedfiles\debug\moc_cloud_terminal.cpp
f:\cloud\tool\09 tool\winscp\cloud_teminal\generatedfiles\ui_cloud_terminal.h
f:\cloud\tool\09 tool\winscp\cloud_teminal\generatedfiles\debug\moc_zc_message_box.cpp
f:\cloud\tool\09 tool\winscp\cloud_teminal\generatedfiles\debug\moc_cusercard.cpp
f:\cloud\tool\09 tool\winscp\cloud_teminal\generatedfiles\debug\moc_cleftarrawpwdedit.cpp
f:\cloud\tool\09 tool\winscp\cloud_teminal\generatedfiles\debug\moc_chostlist.cpp
f:\cloud\tool\09 tool\winscp\cloud_teminal\generatedfiles\debug\moc_cnetaboutspilter.cpp
f:\cloud\tool\09 tool\winscp\cloud_teminal\generatedfiles\debug\moc_cmenuwidget.cpp
f:\cloud\tool\09 tool\winscp\cloud_teminal\generatedfiles\debug\moc_cuserpicpanel.cpp
f:\cloud\tool\09 tool\winscp\cloud_teminal\generatedfiles\debug\moc_myclicklabel.cpp
f:\cloud\tool\09 tool\winscp\cloud_teminal\generatedfiles\debug\moc_mytextedit.cpp
f:\cloud\tool\09 tool\winscp\cloud_teminal\generatedfiles\debug\moc_mylabel.cpp
f:\cloud\tool\09 tool\winscp\cloud_teminal\generatedfiles\debug\moc_menu_box.cpp
f:\cloud\tool\09 tool\winscp\cloud_teminal\generatedfiles\debug\moc_togglebutton.cpp
f:\cloud\tool\09 tool\winscp\cloud_teminal\generatedfiles\debug\moc_spicemulviewer.cpp
f:\cloud\tool\09 tool\winscp\cloud_teminal\generatedfiles\debug\moc_clabel.cpp
f:\cloud\tool\09 tool\winscp\cloud_teminal\generatedfiles\debug\moc_mainwindow.cpp
f:\cloud\tool\09 tool\winscp\cloud_teminal\generatedfiles\qrc_cloud_terminal.cpp
f:\cloud\tool\09 tool\winscp\cloud_teminal\win32\debug\cloud_terminal.ilk
f:\cloud\tool\09 tool\winscp\cloud_teminal\win32\debug\cloud_terminal.exe
f:\cloud\tool\09 tool\winscp\cloud_teminal\win32\debug\cloud_terminal.pdb
f:\cloud\tool\09 tool\winscp\cloud_teminal\debug\cloud_terminal.tlog\cl.command.1.tlog
f:\cloud\tool\09 tool\winscp\cloud_teminal\debug\cloud_terminal.tlog\cl.read.1.tlog
f:\cloud\tool\09 tool\winscp\cloud_teminal\debug\cloud_terminal.tlog\cl.write.1.tlog
f:\cloud\tool\09 tool\winscp\cloud_teminal\debug\cloud_terminal.tlog\custombuild.command.1.tlog
f:\cloud\tool\09 tool\winscp\cloud_teminal\debug\cloud_terminal.tlog\custombuild.read.1.tlog
f:\cloud\tool\09 tool\winscp\cloud_teminal\debug\cloud_terminal.tlog\custombuild.write.1.tlog
f:\cloud\tool\09 tool\winscp\cloud_teminal\debug\cloud_terminal.tlog\link.command.1.tlog
f:\cloud\tool\09 tool\winscp\cloud_teminal\debug\cloud_terminal.tlog\link.read.1.tlog
f:\cloud\tool\09 tool\winscp\cloud_teminal\debug\cloud_terminal.tlog\link.write.1.tlog
